[ 2015-06-23T09:23:47+08:00 ] 127.0.0.1 /index.php?s=/admin/index/public_sessionlife.html
INFO: [ app_begin ] --START--
INFO: Run Behavior\ReadHtmlCacheBehavior [ RunTime:0.356020s ]
SQL: SHOW COLUMNS FROM `linshi_setting` [ RunTime:0.002001s ]
SQL: SELECT `key`,`value` FROM `linshi_setting`  [ RunTime:0.000000s ]
NOTIC: [2] unlink(D:\wamp\www\houtai\Public\Runtime\Temp/71df8fced343b2a8ba67c00a47a67b50.php): No such file or directory D:\wamp\www\houtai\Libs\ThinkPHP\Library\Think\Cache\Driver\File.class.php 第 157 行.
INFO: Run \Common\Behavior\SettingBehavior [ RunTime:3.380194s ]
INFO: [ app_begin ] --END-- [ RunTime:3.853221s ]
INFO: [ app_end ] --START--
INFO: Run Behavior\ShowPageTraceBehavior [ RunTime:0.103006s ]
INFO: [ app_end ] --END-- [ RunTime:0.103006s ]

[ 2015-06-23T09:32:34+08:00 ] 127.0.0.1 /index.php?s=/admin/index/public_sessionlife.html
INFO: [ app_begin ] --START--
INFO: Run Behavior\ReadHtmlCacheBehavior [ RunTime:0.002000s ]
SQL: SHOW COLUMNS FROM `linshi_setting` [ RunTime:0.005000s ]
SQL: SELECT `key`,`value` FROM `linshi_setting`  [ RunTime:0.001000s ]
NOTIC: [2] unlink(D:\wamp\www\houtai\Public\Runtime\Temp/71df8fced343b2a8ba67c00a47a67b50.php): No such file or directory D:\wamp\www\houtai\Libs\ThinkPHP\Library\Think\Cache\Driver\File.class.php 第 157 行.
INFO: Run \Common\Behavior\SettingBehavior [ RunTime:0.041002s ]
INFO: [ app_begin ] --END-- [ RunTime:0.045002s ]
INFO: [ app_end ] --START--
INFO: Run Behavior\ShowPageTraceBehavior [ RunTime:0.001000s ]
INFO: [ app_end ] --END-- [ RunTime:0.002000s ]

[ 2015-06-23T09:42:34+08:00 ] 127.0.0.1 /index.php?s=/admin/index/public_sessionlife.html
INFO: [ app_begin ] --START--
INFO: Run Behavior\ReadHtmlCacheBehavior [ RunTime:0.002000s ]
SQL: SHOW COLUMNS FROM `linshi_setting` [ RunTime:0.005000s ]
SQL: SELECT `key`,`value` FROM `linshi_setting`  [ RunTime:0.000000s ]
NOTIC: [2] unlink(D:\wamp\www\houtai\Public\Runtime\Temp/71df8fced343b2a8ba67c00a47a67b50.php): No such file or directory D:\wamp\www\houtai\Libs\ThinkPHP\Library\Think\Cache\Driver\File.class.php 第 157 行.
INFO: Run \Common\Behavior\SettingBehavior [ RunTime:0.070004s ]
INFO: [ app_begin ] --END-- [ RunTime:0.073004s ]
INFO: [ app_end ] --START--
INFO: Run Behavior\ShowPageTraceBehavior [ RunTime:0.001000s ]
INFO: [ app_end ] --END-- [ RunTime:0.002000s ]

[ 2015-06-23T10:03:22+08:00 ] 127.0.0.1 /index.php?s=/admin/index/public_sessionlife.html
INFO: [ app_begin ] --START--
INFO: Run Behavior\ReadHtmlCacheBehavior [ RunTime:0.002000s ]
SQL: SHOW COLUMNS FROM `linshi_setting` [ RunTime:0.004001s ]
SQL: SELECT `key`,`value` FROM `linshi_setting`  [ RunTime:0.000000s ]
NOTIC: [2] unlink(D:\wamp\www\houtai\Public\Runtime\Temp/71df8fced343b2a8ba67c00a47a67b50.php): No such file or directory D:\wamp\www\houtai\Libs\ThinkPHP\Library\Think\Cache\Driver\File.class.php 第 157 行.
INFO: Run \Common\Behavior\SettingBehavior [ RunTime:0.056003s ]
INFO: [ app_begin ] --END-- [ RunTime:0.061004s ]
INFO: [ app_end ] --START--
INFO: Run Behavior\ShowPageTraceBehavior [ RunTime:0.001000s ]
INFO: [ app_end ] --END-- [ RunTime:0.001000s ]

[ 2015-06-23T10:13:22+08:00 ] 127.0.0.1 /index.php?s=/admin/index/public_sessionlife.html
INFO: [ app_begin ] --START--
INFO: Run Behavior\ReadHtmlCacheBehavior [ RunTime:0.002000s ]
SQL: SHOW COLUMNS FROM `linshi_setting` [ RunTime:0.004000s ]
SQL: SELECT `key`,`value` FROM `linshi_setting`  [ RunTime:0.001000s ]
NOTIC: [2] unlink(D:\wamp\www\houtai\Public\Runtime\Temp/71df8fced343b2a8ba67c00a47a67b50.php): No such file or directory D:\wamp\www\houtai\Libs\ThinkPHP\Library\Think\Cache\Driver\File.class.php 第 157 行.
INFO: Run \Common\Behavior\SettingBehavior [ RunTime:0.038002s ]
INFO: [ app_begin ] --END-- [ RunTime:0.042002s ]
INFO: [ app_end ] --START--
INFO: Run Behavior\ShowPageTraceBehavior [ RunTime:0.002000s ]
INFO: [ app_end ] --END-- [ RunTime:0.002000s ]

[ 2015-06-23T10:23:22+08:00 ] 127.0.0.1 /index.php?s=/admin/index/public_sessionlife.html
INFO: [ app_begin ] --START--
INFO: Run Behavior\ReadHtmlCacheBehavior [ RunTime:0.001000s ]
SQL: SHOW COLUMNS FROM `linshi_setting` [ RunTime:0.004000s ]
SQL: SELECT `key`,`value` FROM `linshi_setting`  [ RunTime:0.000000s ]
NOTIC: [2] unlink(D:\wamp\www\houtai\Public\Runtime\Temp/71df8fced343b2a8ba67c00a47a67b50.php): No such file or directory D:\wamp\www\houtai\Libs\ThinkPHP\Library\Think\Cache\Driver\File.class.php 第 157 行.
INFO: Run \Common\Behavior\SettingBehavior [ RunTime:0.030002s ]
INFO: [ app_begin ] --END-- [ RunTime:0.032002s ]
INFO: [ app_end ] --START--
INFO: Run Behavior\ShowPageTraceBehavior [ RunTime:0.001000s ]
INFO: [ app_end ] --END-- [ RunTime:0.002000s ]

[ 2015-06-23T10:33:22+08:00 ] 127.0.0.1 /index.php?s=/admin/index/public_sessionlife.html
INFO: [ app_begin ] --START--
INFO: Run Behavior\ReadHtmlCacheBehavior [ RunTime:0.002000s ]
SQL: SHOW COLUMNS FROM `linshi_setting` [ RunTime:0.006001s ]
SQL: SELECT `key`,`value` FROM `linshi_setting`  [ RunTime:0.001000s ]
NOTIC: [2] unlink(D:\wamp\www\houtai\Public\Runtime\Temp/71df8fced343b2a8ba67c00a47a67b50.php): No such file or directory D:\wamp\www\houtai\Libs\ThinkPHP\Library\Think\Cache\Driver\File.class.php 第 157 行.
INFO: Run \Common\Behavior\SettingBehavior [ RunTime:0.031002s ]
INFO: [ app_begin ] --END-- [ RunTime:0.035002s ]
INFO: [ app_end ] --START--
INFO: Run Behavior\ShowPageTraceBehavior [ RunTime:0.002000s ]
INFO: [ app_end ] --END-- [ RunTime:0.003000s ]

