[ 2015-05-31T10:53:19+08:00 ] 127.0.0.1 /index.php?s=/admin/member/typelist/menuid/44.html&_=1433040798931
INFO: [ app_begin ] --START--
INFO: Run Behavior\ReadHtmlCacheBehavior [ RunTime:0.001000s ]
SQL: SHOW COLUMNS FROM `linshi_setting` [ RunTime:0.020002s ]
SQL: SELECT `key`,`value` FROM `linshi_setting`  [ RunTime:0.001000s ]
NOTIC: [2] unlink(D:\wamp\www\houtai\Public\Runtime\Temp/71df8fced343b2a8ba67c00a47a67b50.php): No such file or directory D:\wamp\www\houtai\Libs\ThinkPHP\Library\Think\Cache\Driver\File.class.php 第 157 行.
INFO: Run \Common\Behavior\SettingBehavior [ RunTime:0.043003s ]
INFO: [ app_begin ] --END-- [ RunTime:0.044003s ]
INFO: [ view_parse ] --START--
INFO: [ template_filter ] --START--
INFO: Run Behavior\ContentReplaceBehavior [ RunTime:0.001000s ]
INFO: [ template_filter ] --END-- [ RunTime:0.001000s ]
INFO: Run Behavior\ParseTemplateBehavior [ RunTime:0.008000s ]
INFO: [ view_parse ] --END-- [ RunTime:0.008000s ]
INFO: [ view_filter ] --START--
INFO: Run Behavior\WriteHtmlCacheBehavior [ RunTime:0.001000s ]
INFO: [ view_filter ] --END-- [ RunTime:0.001000s ]
INFO: [ app_end ] --START--
INFO: Run Behavior\ShowPageTraceBehavior [ RunTime:0.001000s ]
INFO: [ app_end ] --END-- [ RunTime:0.001000s ]

[ 2015-05-31T10:53:19+08:00 ] 127.0.0.1 /index.php?s=/admin/teacher/teacherlist/menuid/45.html&_=1433040799581
INFO: [ app_begin ] --START--
INFO: Run Behavior\ReadHtmlCacheBehavior [ RunTime:0.001000s ]
SQL: SHOW COLUMNS FROM `linshi_setting` [ RunTime:0.017001s ]
SQL: SELECT `key`,`value` FROM `linshi_setting`  [ RunTime:0.001000s ]
NOTIC: [2] unlink(D:\wamp\www\houtai\Public\Runtime\Temp/71df8fced343b2a8ba67c00a47a67b50.php): No such file or directory D:\wamp\www\houtai\Libs\ThinkPHP\Library\Think\Cache\Driver\File.class.php 第 157 行.
INFO: Run \Common\Behavior\SettingBehavior [ RunTime:0.062004s ]
INFO: [ app_begin ] --END-- [ RunTime:0.064004s ]
SQL: SHOW COLUMNS FROM `linshi_menu` [ RunTime:0.012001s ]
SQL: SELECT * FROM `linshi_menu` WHERE ( `id` = 45 ) LIMIT 1   [ RunTime:0.000000s ]
SQL: SELECT * FROM `linshi_menu` WHERE ( `id` = 42 ) LIMIT 1   [ RunTime:0.000000s ]
SQL: SELECT * FROM `linshi_menu` WHERE ( `id` = 4 ) LIMIT 1   [ RunTime:0.000000s ]
SQL: SHOW COLUMNS FROM `linshi_admin_role` [ RunTime:0.005001s ]
SQL: SELECT `roleid`,`rolename` FROM `linshi_admin_role` WHERE ( `disabled` = 0 )  [ RunTime:0.000000s ]
INFO: [ view_parse ] --START--
INFO: [ template_filter ] --START--
INFO: Run Behavior\ContentReplaceBehavior [ RunTime:0.001000s ]
INFO: [ template_filter ] --END-- [ RunTime:0.001000s ]
INFO: Run Behavior\ParseTemplateBehavior [ RunTime:0.015001s ]
INFO: [ view_parse ] --END-- [ RunTime:0.015001s ]
INFO: [ view_filter ] --START--
INFO: Run Behavior\WriteHtmlCacheBehavior [ RunTime:0.000000s ]
INFO: [ view_filter ] --END-- [ RunTime:0.000000s ]
INFO: [ app_end ] --START--
INFO: Run Behavior\ShowPageTraceBehavior [ RunTime:0.001000s ]
INFO: [ app_end ] --END-- [ RunTime:0.001000s ]

[ 2015-05-31T10:53:20+08:00 ] 127.0.0.1 /index.php?s=/admin/teacher/teacherlist/grid/datagrid.html
INFO: [ app_begin ] --START--
INFO: Run Behavior\ReadHtmlCacheBehavior [ RunTime:0.001000s ]
SQL: SHOW COLUMNS FROM `linshi_setting` [ RunTime:0.004001s ]
SQL: SELECT `key`,`value` FROM `linshi_setting`  [ RunTime:0.001000s ]
NOTIC: [2] unlink(D:\wamp\www\houtai\Public\Runtime\Temp/71df8fced343b2a8ba67c00a47a67b50.php): No such file or directory D:\wamp\www\houtai\Libs\ThinkPHP\Library\Think\Cache\Driver\File.class.php 第 157 行.
INFO: Run \Common\Behavior\SettingBehavior [ RunTime:0.025002s ]
INFO: [ app_begin ] --END-- [ RunTime:0.026002s ]
SQL: SHOW COLUMNS FROM `linshi_teachers` [ RunTime:0.006000s ]
SQL: SELECT COUNT(*) AS tp_count FROM `linshi_teachers` LIMIT 1   [ RunTime:0.001000s ]
SQL: SELECT `teacher_name`,'sex','teaching_age','certification_flag','education_flag','teacher_certification_flag','discipline','grade','course_category','sort_num','recommand_flag','raw_add_time','display','teacher_id' FROM `linshi_teachers` ORDER BY teacher_id asc LIMIT 0,20   [ RunTime:0.000000s ]

[ 2015-05-31T10:54:54+08:00 ] 127.0.0.1 /index.php?s=/admin/member/typelist/menuid/44.html&_=1433040894587
INFO: [ app_begin ] --START--
INFO: Run Behavior\ReadHtmlCacheBehavior [ RunTime:0.001000s ]
SQL: SHOW COLUMNS FROM `linshi_setting` [ RunTime:0.006001s ]
SQL: SELECT `key`,`value` FROM `linshi_setting`  [ RunTime:0.001000s ]
NOTIC: [2] unlink(D:\wamp\www\houtai\Public\Runtime\Temp/71df8fced343b2a8ba67c00a47a67b50.php): No such file or directory D:\wamp\www\houtai\Libs\ThinkPHP\Library\Think\Cache\Driver\File.class.php 第 157 行.
INFO: Run \Common\Behavior\SettingBehavior [ RunTime:0.048003s ]
INFO: [ app_begin ] --END-- [ RunTime:0.049003s ]
INFO: [ view_parse ] --START--
INFO: [ template_filter ] --START--
INFO: Run Behavior\ContentReplaceBehavior [ RunTime:0.000000s ]
INFO: [ template_filter ] --END-- [ RunTime:0.000000s ]
INFO: Run Behavior\ParseTemplateBehavior [ RunTime:0.011001s ]
INFO: [ view_parse ] --END-- [ RunTime:0.012001s ]
INFO: [ view_filter ] --START--
INFO: Run Behavior\WriteHtmlCacheBehavior [ RunTime:0.000000s ]
INFO: [ view_filter ] --END-- [ RunTime:0.001000s ]
INFO: [ app_end ] --START--
INFO: Run Behavior\ShowPageTraceBehavior [ RunTime:0.001000s ]
INFO: [ app_end ] --END-- [ RunTime:0.001000s ]

[ 2015-05-31T10:54:55+08:00 ] 127.0.0.1 /index.php?s=/admin/teacher/teacherlist/menuid/45.html&_=1433040895422
INFO: [ app_begin ] --START--
INFO: Run Behavior\ReadHtmlCacheBehavior [ RunTime:0.000000s ]
SQL: SHOW COLUMNS FROM `linshi_setting` [ RunTime:0.005000s ]
SQL: SELECT `key`,`value` FROM `linshi_setting`  [ RunTime:0.000000s ]
NOTIC: [2] unlink(D:\wamp\www\houtai\Public\Runtime\Temp/71df8fced343b2a8ba67c00a47a67b50.php): No such file or directory D:\wamp\www\houtai\Libs\ThinkPHP\Library\Think\Cache\Driver\File.class.php 第 157 行.
INFO: Run \Common\Behavior\SettingBehavior [ RunTime:0.068004s ]
INFO: [ app_begin ] --END-- [ RunTime:0.070004s ]
SQL: SHOW COLUMNS FROM `linshi_menu` [ RunTime:0.017001s ]
SQL: SELECT * FROM `linshi_menu` WHERE ( `id` = 45 ) LIMIT 1   [ RunTime:0.001000s ]
SQL: SELECT * FROM `linshi_menu` WHERE ( `id` = 42 ) LIMIT 1   [ RunTime:0.000000s ]
SQL: SELECT * FROM `linshi_menu` WHERE ( `id` = 4 ) LIMIT 1   [ RunTime:0.001000s ]
SQL: SHOW COLUMNS FROM `linshi_admin_role` [ RunTime:0.005001s ]
SQL: SELECT `roleid`,`rolename` FROM `linshi_admin_role` WHERE ( `disabled` = 0 )  [ RunTime:0.001000s ]
INFO: [ view_parse ] --START--
INFO: [ template_filter ] --START--
INFO: Run Behavior\ContentReplaceBehavior [ RunTime:0.000000s ]
INFO: [ template_filter ] --END-- [ RunTime:0.000000s ]
INFO: Run Behavior\ParseTemplateBehavior [ RunTime:0.013001s ]
INFO: [ view_parse ] --END-- [ RunTime:0.013001s ]
INFO: [ view_filter ] --START--
INFO: Run Behavior\WriteHtmlCacheBehavior [ RunTime:0.001000s ]
INFO: [ view_filter ] --END-- [ RunTime:0.001000s ]
INFO: [ app_end ] --START--
INFO: Run Behavior\ShowPageTraceBehavior [ RunTime:0.000000s ]
INFO: [ app_end ] --END-- [ RunTime:0.001000s ]

[ 2015-05-31T10:54:55+08:00 ] 127.0.0.1 /index.php?s=/admin/teacher/teacherlist/grid/datagrid.html
INFO: [ app_begin ] --START--
INFO: Run Behavior\ReadHtmlCacheBehavior [ RunTime:0.001000s ]
SQL: SHOW COLUMNS FROM `linshi_setting` [ RunTime:0.013000s ]
SQL: SELECT `key`,`value` FROM `linshi_setting`  [ RunTime:0.000000s ]
NOTIC: [2] unlink(D:\wamp\www\houtai\Public\Runtime\Temp/71df8fced343b2a8ba67c00a47a67b50.php): No such file or directory D:\wamp\www\houtai\Libs\ThinkPHP\Library\Think\Cache\Driver\File.class.php 第 157 行.
INFO: Run \Common\Behavior\SettingBehavior [ RunTime:0.036002s ]
INFO: [ app_begin ] --END-- [ RunTime:0.038002s ]
SQL: SHOW COLUMNS FROM `linshi_teachers` [ RunTime:0.009000s ]
SQL: SELECT COUNT(*) AS tp_count FROM `linshi_teachers` LIMIT 1   [ RunTime:0.000000s ]
SQL: SELECT `teacher_name`,`sex`,`teaching_age`,`certification_flag`,`education_flag`,`teacher_certification_flag`,`discipline`,`grade`,`course_category`,`sort_num`,`recommand_flag`,`raw_add_time`,`display`,`teacher_id`,`teacher_id` as teacher_ids FROM `linshi_teachers` ORDER BY teacher_id asc LIMIT 0,20   [ RunTime:0.001000s ]

[ 2015-05-31T10:55:12+08:00 ] 127.0.0.1 /index.php?s=/admin/member/typelist/menuid/44.html&_=1433040911804
INFO: [ app_begin ] --START--
INFO: Run Behavior\ReadHtmlCacheBehavior [ RunTime:0.001000s ]
SQL: SHOW COLUMNS FROM `linshi_setting` [ RunTime:0.004000s ]
SQL: SELECT `key`,`value` FROM `linshi_setting`  [ RunTime:0.000000s ]
NOTIC: [2] unlink(D:\wamp\www\houtai\Public\Runtime\Temp/71df8fced343b2a8ba67c00a47a67b50.php): No such file or directory D:\wamp\www\houtai\Libs\ThinkPHP\Library\Think\Cache\Driver\File.class.php 第 157 行.
INFO: Run \Common\Behavior\SettingBehavior [ RunTime:0.055003s ]
INFO: [ app_begin ] --END-- [ RunTime:0.056003s ]
INFO: [ view_parse ] --START--
INFO: [ template_filter ] --START--
INFO: Run Behavior\ContentReplaceBehavior [ RunTime:0.000000s ]
INFO: [ template_filter ] --END-- [ RunTime:0.001000s ]
INFO: Run Behavior\ParseTemplateBehavior [ RunTime:0.007000s ]
INFO: [ view_parse ] --END-- [ RunTime:0.007000s ]
INFO: [ view_filter ] --START--
INFO: Run Behavior\WriteHtmlCacheBehavior [ RunTime:0.001000s ]
INFO: [ view_filter ] --END-- [ RunTime:0.001000s ]
INFO: [ app_end ] --START--
INFO: Run Behavior\ShowPageTraceBehavior [ RunTime:0.001000s ]
INFO: [ app_end ] --END-- [ RunTime:0.001000s ]

[ 2015-05-31T10:55:12+08:00 ] 127.0.0.1 /index.php?s=/admin/teacher/teacherlist/menuid/45.html&_=1433040912638
INFO: [ app_begin ] --START--
INFO: Run Behavior\ReadHtmlCacheBehavior [ RunTime:0.001000s ]
SQL: SHOW COLUMNS FROM `linshi_setting` [ RunTime:0.005001s ]
SQL: SELECT `key`,`value` FROM `linshi_setting`  [ RunTime:0.000000s ]
NOTIC: [2] unlink(D:\wamp\www\houtai\Public\Runtime\Temp/71df8fced343b2a8ba67c00a47a67b50.php): No such file or directory D:\wamp\www\houtai\Libs\ThinkPHP\Library\Think\Cache\Driver\File.class.php 第 157 行.
INFO: Run \Common\Behavior\SettingBehavior [ RunTime:0.025002s ]
INFO: [ app_begin ] --END-- [ RunTime:0.027002s ]
SQL: SHOW COLUMNS FROM `linshi_menu` [ RunTime:0.027001s ]
SQL: SELECT * FROM `linshi_menu` WHERE ( `id` = 45 ) LIMIT 1   [ RunTime:0.000000s ]
SQL: SELECT * FROM `linshi_menu` WHERE ( `id` = 42 ) LIMIT 1   [ RunTime:0.001000s ]
SQL: SELECT * FROM `linshi_menu` WHERE ( `id` = 4 ) LIMIT 1   [ RunTime:0.001000s ]
SQL: SHOW COLUMNS FROM `linshi_admin_role` [ RunTime:0.050003s ]
SQL: SELECT `roleid`,`rolename` FROM `linshi_admin_role` WHERE ( `disabled` = 0 )  [ RunTime:0.001000s ]
INFO: [ view_parse ] --START--
INFO: [ template_filter ] --START--
INFO: Run Behavior\ContentReplaceBehavior [ RunTime:0.000000s ]
INFO: [ template_filter ] --END-- [ RunTime:0.000000s ]
INFO: Run Behavior\ParseTemplateBehavior [ RunTime:0.012000s ]
INFO: [ view_parse ] --END-- [ RunTime:0.012000s ]
INFO: [ view_filter ] --START--
INFO: Run Behavior\WriteHtmlCacheBehavior [ RunTime:0.001000s ]
INFO: [ view_filter ] --END-- [ RunTime:0.001000s ]
INFO: [ app_end ] --START--
INFO: Run Behavior\ShowPageTraceBehavior [ RunTime:0.001001s ]
INFO: [ app_end ] --END-- [ RunTime:0.001001s ]

[ 2015-05-31T10:55:13+08:00 ] 127.0.0.1 /index.php?s=/admin/teacher/teacherlist/grid/datagrid.html
INFO: [ app_begin ] --START--
INFO: Run Behavior\ReadHtmlCacheBehavior [ RunTime:0.001000s ]
SQL: SHOW COLUMNS FROM `linshi_setting` [ RunTime:0.004000s ]
SQL: SELECT `key`,`value` FROM `linshi_setting`  [ RunTime:0.000000s ]
NOTIC: [2] unlink(D:\wamp\www\houtai\Public\Runtime\Temp/71df8fced343b2a8ba67c00a47a67b50.php): No such file or directory D:\wamp\www\houtai\Libs\ThinkPHP\Library\Think\Cache\Driver\File.class.php 第 157 行.
INFO: Run \Common\Behavior\SettingBehavior [ RunTime:0.105006s ]
INFO: [ app_begin ] --END-- [ RunTime:0.107006s ]
SQL: SHOW COLUMNS FROM `linshi_teachers` [ RunTime:0.037002s ]
SQL: SELECT COUNT(*) AS tp_count FROM `linshi_teachers` LIMIT 1   [ RunTime:0.001000s ]
SQL: SELECT `teacher_name`,`sex`,`teaching_age`,`certification_flag`,`education_flag`,`teacher_certification_flag`,`discipline`,`grade`,`course_category`,`sort_num`,`recommand_flag`,`raw_add_time`,`display`,`teacher_id`,`teacher_id` as teacher_ids FROM `linshi_teachers` ORDER BY teacher_id asc LIMIT 0,20   [ RunTime:0.001000s ]

[ 2015-05-31T10:55:38+08:00 ] 127.0.0.1 /index.php?s=/admin/member/typelist/menuid/44.html&_=1433040938581
INFO: [ app_begin ] --START--
INFO: Run Behavior\ReadHtmlCacheBehavior [ RunTime:0.001000s ]
SQL: SHOW COLUMNS FROM `linshi_setting` [ RunTime:0.045002s ]
SQL: SELECT `key`,`value` FROM `linshi_setting`  [ RunTime:0.000000s ]
NOTIC: [2] unlink(D:\wamp\www\houtai\Public\Runtime\Temp/71df8fced343b2a8ba67c00a47a67b50.php): No such file or directory D:\wamp\www\houtai\Libs\ThinkPHP\Library\Think\Cache\Driver\File.class.php 第 157 行.
INFO: Run \Common\Behavior\SettingBehavior [ RunTime:0.071004s ]
INFO: [ app_begin ] --END-- [ RunTime:0.072004s ]
INFO: [ view_parse ] --START--
INFO: [ template_filter ] --START--
INFO: Run Behavior\ContentReplaceBehavior [ RunTime:0.000000s ]
INFO: [ template_filter ] --END-- [ RunTime:0.000000s ]
INFO: Run Behavior\ParseTemplateBehavior [ RunTime:0.007000s ]
INFO: [ view_parse ] --END-- [ RunTime:0.007000s ]
INFO: [ view_filter ] --START--
INFO: Run Behavior\WriteHtmlCacheBehavior [ RunTime:0.000000s ]
INFO: [ view_filter ] --END-- [ RunTime:0.000000s ]
INFO: [ app_end ] --START--
INFO: Run Behavior\ShowPageTraceBehavior [ RunTime:0.000000s ]
INFO: [ app_end ] --END-- [ RunTime:0.000000s ]

[ 2015-05-31T10:55:39+08:00 ] 127.0.0.1 /index.php?s=/admin/teacher/teacherlist/menuid/45.html&_=1433040939465
INFO: [ app_begin ] --START--
INFO: Run Behavior\ReadHtmlCacheBehavior [ RunTime:0.001000s ]
SQL: SHOW COLUMNS FROM `linshi_setting` [ RunTime:0.014001s ]
SQL: SELECT `key`,`value` FROM `linshi_setting`  [ RunTime:0.001000s ]
NOTIC: [2] unlink(D:\wamp\www\houtai\Public\Runtime\Temp/71df8fced343b2a8ba67c00a47a67b50.php): No such file or directory D:\wamp\www\houtai\Libs\ThinkPHP\Library\Think\Cache\Driver\File.class.php 第 157 行.
INFO: Run \Common\Behavior\SettingBehavior [ RunTime:0.034002s ]
INFO: [ app_begin ] --END-- [ RunTime:0.035002s ]
SQL: SHOW COLUMNS FROM `linshi_menu` [ RunTime:0.014001s ]
SQL: SELECT * FROM `linshi_menu` WHERE ( `id` = 45 ) LIMIT 1   [ RunTime:0.002000s ]
SQL: SELECT * FROM `linshi_menu` WHERE ( `id` = 42 ) LIMIT 1   [ RunTime:0.000000s ]
SQL: SELECT * FROM `linshi_menu` WHERE ( `id` = 4 ) LIMIT 1   [ RunTime:0.001000s ]
SQL: SHOW COLUMNS FROM `linshi_admin_role` [ RunTime:0.019001s ]
SQL: SELECT `roleid`,`rolename` FROM `linshi_admin_role` WHERE ( `disabled` = 0 )  [ RunTime:0.001000s ]
INFO: [ view_parse ] --START--
INFO: [ template_filter ] --START--
INFO: Run Behavior\ContentReplaceBehavior [ RunTime:0.001000s ]
INFO: [ template_filter ] --END-- [ RunTime:0.001000s ]
INFO: Run Behavior\ParseTemplateBehavior [ RunTime:0.013001s ]
INFO: [ view_parse ] --END-- [ RunTime:0.013001s ]
INFO: [ view_filter ] --START--
INFO: Run Behavior\WriteHtmlCacheBehavior [ RunTime:0.001000s ]
INFO: [ view_filter ] --END-- [ RunTime:0.001000s ]
INFO: [ app_end ] --START--
INFO: Run Behavior\ShowPageTraceBehavior [ RunTime:0.000000s ]
INFO: [ app_end ] --END-- [ RunTime:0.001000s ]

[ 2015-05-31T10:55:40+08:00 ] 127.0.0.1 /index.php?s=/admin/teacher/teacherlist/grid/datagrid.html
INFO: [ app_begin ] --START--
INFO: Run Behavior\ReadHtmlCacheBehavior [ RunTime:0.001000s ]
SQL: SHOW COLUMNS FROM `linshi_setting` [ RunTime:0.012001s ]
SQL: SELECT `key`,`value` FROM `linshi_setting`  [ RunTime:0.002000s ]
NOTIC: [2] unlink(D:\wamp\www\houtai\Public\Runtime\Temp/71df8fced343b2a8ba67c00a47a67b50.php): No such file or directory D:\wamp\www\houtai\Libs\ThinkPHP\Library\Think\Cache\Driver\File.class.php 第 157 行.
INFO: Run \Common\Behavior\SettingBehavior [ RunTime:0.034002s ]
INFO: [ app_begin ] --END-- [ RunTime:0.035002s ]
SQL: SHOW COLUMNS FROM `linshi_teachers` [ RunTime:0.033002s ]
SQL: SELECT COUNT(*) AS tp_count FROM `linshi_teachers` LIMIT 1   [ RunTime:0.000000s ]
SQL: SELECT `teacher_name`,`sex`,`teaching_age`,`certification_flag`,`education_flag`,`teacher_certification_flag`,`discipline`,`grade`,`course_category`,`sort_num`,`recommand_flag`,`raw_add_time`,`display`,`teacher_id`,`teacher_id` as teacher_ids FROM `linshi_teachers` ORDER BY teacher_id asc LIMIT 0,20   [ RunTime:0.001000s ]

[ 2015-05-31T10:59:46+08:00 ] 127.0.0.1 /index.php?s=/admin/index/public_sessionlife.html
INFO: [ app_begin ] --START--
INFO: Run Behavior\ReadHtmlCacheBehavior [ RunTime:0.016001s ]
SQL: SHOW COLUMNS FROM `linshi_setting` [ RunTime:0.384022s ]
SQL: SELECT `key`,`value` FROM `linshi_setting`  [ RunTime:0.008000s ]
NOTIC: [2] unlink(D:\wamp\www\houtai\Public\Runtime\Temp/71df8fced343b2a8ba67c00a47a67b50.php): No such file or directory D:\wamp\www\houtai\Libs\ThinkPHP\Library\Think\Cache\Driver\File.class.php 第 157 行.
INFO: Run \Common\Behavior\SettingBehavior [ RunTime:2.785159s ]
INFO: [ app_begin ] --END-- [ RunTime:2.863163s ]
INFO: [ app_end ] --START--
INFO: Run Behavior\ShowPageTraceBehavior [ RunTime:0.021001s ]
INFO: [ app_end ] --END-- [ RunTime:0.021001s ]

[ 2015-05-31T11:09:34+08:00 ] 127.0.0.1 /index.php?s=/admin/index/public_sessionlife.html
INFO: [ app_begin ] --START--
INFO: Run Behavior\ReadHtmlCacheBehavior [ RunTime:0.001000s ]
SQL: SHOW COLUMNS FROM `linshi_setting` [ RunTime:0.021001s ]
SQL: SELECT `key`,`value` FROM `linshi_setting`  [ RunTime:0.001000s ]
NOTIC: [2] unlink(D:\wamp\www\houtai\Public\Runtime\Temp/71df8fced343b2a8ba67c00a47a67b50.php): No such file or directory D:\wamp\www\houtai\Libs\ThinkPHP\Library\Think\Cache\Driver\File.class.php 第 157 行.
INFO: Run \Common\Behavior\SettingBehavior [ RunTime:0.159009s ]
INFO: [ app_begin ] --END-- [ RunTime:0.161009s ]
INFO: [ app_end ] --START--
INFO: Run Behavior\ShowPageTraceBehavior [ RunTime:0.001000s ]
INFO: [ app_end ] --END-- [ RunTime:0.001000s ]

[ 2015-05-31T11:19:35+08:00 ] 127.0.0.1 /index.php?s=/admin/index/public_sessionlife.html
INFO: [ app_begin ] --START--
INFO: Run Behavior\ReadHtmlCacheBehavior [ RunTime:0.001000s ]
SQL: SHOW COLUMNS FROM `linshi_setting` [ RunTime:0.021001s ]
SQL: SELECT `key`,`value` FROM `linshi_setting`  [ RunTime:0.000000s ]
NOTIC: [2] unlink(D:\wamp\www\houtai\Public\Runtime\Temp/71df8fced343b2a8ba67c00a47a67b50.php): No such file or directory D:\wamp\www\houtai\Libs\ThinkPHP\Library\Think\Cache\Driver\File.class.php 第 157 行.
INFO: Run \Common\Behavior\SettingBehavior [ RunTime:0.114007s ]
INFO: [ app_begin ] --END-- [ RunTime:0.116007s ]
INFO: [ app_end ] --START--
INFO: Run Behavior\ShowPageTraceBehavior [ RunTime:0.000000s ]
INFO: [ app_end ] --END-- [ RunTime:0.001000s ]

[ 2015-05-31T11:25:46+08:00 ] 127.0.0.1 /index.php?s=/admin/teacher/timelist/menuid/57.html&_=1433042743616
INFO: [ app_begin ] --START--
INFO: Run Behavior\ReadHtmlCacheBehavior [ RunTime:0.001000s ]
SQL: SHOW COLUMNS FROM `linshi_setting` [ RunTime:0.147009s ]
SQL: SELECT `key`,`value` FROM `linshi_setting`  [ RunTime:0.001000s ]
NOTIC: [2] unlink(D:\wamp\www\houtai\Public\Runtime\Temp/71df8fced343b2a8ba67c00a47a67b50.php): No such file or directory D:\wamp\www\houtai\Libs\ThinkPHP\Library\Think\Cache\Driver\File.class.php 第 157 行.
INFO: Run \Common\Behavior\SettingBehavior [ RunTime:0.282016s ]
INFO: [ app_begin ] --END-- [ RunTime:0.284017s ]
SQL: SHOW COLUMNS FROM `linshi_menu` [ RunTime:0.371022s ]
SQL: SELECT * FROM `linshi_menu` WHERE ( `id` = 57 ) LIMIT 1   [ RunTime:0.239013s ]
SQL: SELECT * FROM `linshi_menu` WHERE ( `id` = 42 ) LIMIT 1   [ RunTime:0.042003s ]
SQL: SELECT * FROM `linshi_menu` WHERE ( `id` = 4 ) LIMIT 1   [ RunTime:0.001000s ]
SQL: SHOW COLUMNS FROM `linshi_admin_role` [ RunTime:0.101006s ]
SQL: SELECT `roleid`,`rolename` FROM `linshi_admin_role` WHERE ( `disabled` = 0 )  [ RunTime:0.081004s ]
INFO: [ view_parse ] --START--
INFO: [ template_filter ] --START--
INFO: Run Behavior\ContentReplaceBehavior [ RunTime:0.000000s ]
INFO: [ template_filter ] --END-- [ RunTime:0.000000s ]
INFO: Run Behavior\ParseTemplateBehavior [ RunTime:0.848049s ]
INFO: [ view_parse ] --END-- [ RunTime:0.848049s ]
INFO: [ view_filter ] --START--
INFO: Run Behavior\WriteHtmlCacheBehavior [ RunTime:0.013001s ]
INFO: [ view_filter ] --END-- [ RunTime:0.013001s ]
INFO: [ app_end ] --START--
INFO: Run Behavior\ShowPageTraceBehavior [ RunTime:0.001000s ]
INFO: [ app_end ] --END-- [ RunTime:0.001000s ]

[ 2015-05-31T11:25:52+08:00 ] 127.0.0.1 /index.php?s=/admin/teacher/timelist/grid/datagrid.html
INFO: [ app_begin ] --START--
INFO: Run Behavior\ReadHtmlCacheBehavior [ RunTime:0.000000s ]
SQL: SHOW COLUMNS FROM `linshi_setting` [ RunTime:0.093006s ]
SQL: SELECT `key`,`value` FROM `linshi_setting`  [ RunTime:0.000000s ]
NOTIC: [2] unlink(D:\wamp\www\houtai\Public\Runtime\Temp/71df8fced343b2a8ba67c00a47a67b50.php): No such file or directory D:\wamp\www\houtai\Libs\ThinkPHP\Library\Think\Cache\Driver\File.class.php 第 157 行.
INFO: Run \Common\Behavior\SettingBehavior [ RunTime:0.354020s ]
INFO: [ app_begin ] --END-- [ RunTime:0.355020s ]
SQL: SHOW COLUMNS FROM `linshi_course_time` [ RunTime:0.874050s ]
SQL: SELECT COUNT(*) AS tp_count FROM `linshi_course_time` LIMIT 1   [ RunTime:1.045060s ]
SQL: SELECT * FROM `linshi_course_time` ORDER BY course_time_id asc LIMIT 0,20   [ RunTime:0.049003s ]

[ 2015-05-31T11:25:54+08:00 ] 127.0.0.1 /index.php?s=/admin/teacher/timeadd.html&_=1433042754487
INFO: [ app_begin ] --START--
INFO: Run Behavior\ReadHtmlCacheBehavior [ RunTime:0.001000s ]
SQL: SHOW COLUMNS FROM `linshi_setting` [ RunTime:0.045003s ]
SQL: SELECT `key`,`value` FROM `linshi_setting`  [ RunTime:0.001000s ]
NOTIC: [2] unlink(D:\wamp\www\houtai\Public\Runtime\Temp/71df8fced343b2a8ba67c00a47a67b50.php): No such file or directory D:\wamp\www\houtai\Libs\ThinkPHP\Library\Think\Cache\Driver\File.class.php 第 157 行.
INFO: Run \Common\Behavior\SettingBehavior [ RunTime:0.302017s ]
INFO: [ app_begin ] --END-- [ RunTime:0.303017s ]
INFO: [ view_parse ] --START--
INFO: [ template_filter ] --START--
INFO: Run Behavior\ContentReplaceBehavior [ RunTime:0.000000s ]
INFO: [ template_filter ] --END-- [ RunTime:0.001000s ]
INFO: Run Behavior\ParseTemplateBehavior [ RunTime:0.073004s ]
INFO: [ view_parse ] --END-- [ RunTime:0.073004s ]
INFO: [ view_filter ] --START--
INFO: Run Behavior\WriteHtmlCacheBehavior [ RunTime:0.001000s ]
INFO: [ view_filter ] --END-- [ RunTime:0.001000s ]
INFO: [ app_end ] --START--
INFO: Run Behavior\ShowPageTraceBehavior [ RunTime:0.001001s ]
INFO: [ app_end ] --END-- [ RunTime:0.001001s ]

[ 2015-05-31T11:29:36+08:00 ] 127.0.0.1 /index.php?s=/admin/index/public_sessionlife.html
INFO: [ app_begin ] --START--
INFO: Run Behavior\ReadHtmlCacheBehavior [ RunTime:0.001000s ]
SQL: SHOW COLUMNS FROM `linshi_setting` [ RunTime:0.066003s ]
SQL: SELECT `key`,`value` FROM `linshi_setting`  [ RunTime:0.000000s ]
NOTIC: [2] unlink(D:\wamp\www\houtai\Public\Runtime\Temp/71df8fced343b2a8ba67c00a47a67b50.php): No such file or directory D:\wamp\www\houtai\Libs\ThinkPHP\Library\Think\Cache\Driver\File.class.php 第 157 行.
INFO: Run \Common\Behavior\SettingBehavior [ RunTime:0.345020s ]
INFO: [ app_begin ] --END-- [ RunTime:0.347020s ]
INFO: [ app_end ] --START--
INFO: Run Behavior\ShowPageTraceBehavior [ RunTime:0.000000s ]
INFO: [ app_end ] --END-- [ RunTime:0.000000s ]

[ 2015-05-31T11:39:35+08:00 ] 127.0.0.1 /index.php?s=/admin/index/public_sessionlife.html
INFO: [ app_begin ] --START--
INFO: Run Behavior\ReadHtmlCacheBehavior [ RunTime:0.001000s ]
SQL: SHOW COLUMNS FROM `linshi_setting` [ RunTime:0.018001s ]
SQL: SELECT `key`,`value` FROM `linshi_setting`  [ RunTime:0.001000s ]
NOTIC: [2] unlink(D:\wamp\www\houtai\Public\Runtime\Temp/71df8fced343b2a8ba67c00a47a67b50.php): No such file or directory D:\wamp\www\houtai\Libs\ThinkPHP\Library\Think\Cache\Driver\File.class.php 第 157 行.
INFO: Run \Common\Behavior\SettingBehavior [ RunTime:0.120007s ]
INFO: [ app_begin ] --END-- [ RunTime:0.122007s ]
INFO: [ app_end ] --START--
INFO: Run Behavior\ShowPageTraceBehavior [ RunTime:0.001000s ]
INFO: [ app_end ] --END-- [ RunTime:0.002000s ]

[ 2015-05-31T11:46:09+08:00 ] 127.0.0.1 /index.php?s=/admin/index/public_main.html&_=1433043956929
INFO: [ app_begin ] --START--
INFO: Run Behavior\ReadHtmlCacheBehavior [ RunTime:0.001001s ]
SQL: SHOW COLUMNS FROM `linshi_setting` [ RunTime:0.003000s ]
SQL: SELECT `key`,`value` FROM `linshi_setting`  [ RunTime:0.000000s ]
NOTIC: [2] unlink(D:\wamp\www\houtai\Public\Runtime\Temp/71df8fced343b2a8ba67c00a47a67b50.php): No such file or directory D:\wamp\www\houtai\Libs\ThinkPHP\Library\Think\Cache\Driver\File.class.php 第 157 行.
INFO: Run \Common\Behavior\SettingBehavior [ RunTime:0.067003s ]
INFO: [ app_begin ] --END-- [ RunTime:0.068004s ]
SQL: SHOW COLUMNS FROM `linshi_admin` [ RunTime:0.004000s ]
SQL: SHOW COLUMNS FROM `linshi_admin_role` [ RunTime:0.003000s ]
SQL: SELECT `userid`,`username`,`roleid`,`encrypt`,`lastloginip`,`lastlogintime`,`email`,`realname` FROM `linshi_admin` WHERE ( `userid` = 1 ) LIMIT 1   [ RunTime:0.000000s ]
SQL: SELECT `rolename` FROM `linshi_admin_role` WHERE ( `roleid` = 1 ) LIMIT 1   [ RunTime:0.000000s ]
NOTIC: [2048] Non-static method Admin\Common\Sysinfo::getinfo() should not be called statically, assuming $this from incompatible context D:\wamp\www\houtai\App\Admin\Controller\IndexController.class.php 第 112 行.
NOTIC: [2048] Non-static method Admin\Common\Sysinfo::sys_windows() should not be called statically, assuming $this from incompatible context D:\wamp\www\houtai\App\Admin\Common\Sysinfo.class.php 第 19 行.
NOTIC: [2048] Non-static method Admin\Common\Sysinfo::GetWMI() should not be called statically, assuming $this from incompatible context D:\wamp\www\houtai\App\Admin\Common\Sysinfo.class.php 第 250 行.
NOTIC: [2] reset() expects parameter 1 to be array, object given D:\wamp\www\houtai\App\Admin\Common\Sysinfo.class.php 第 300 行.
NOTIC: [2048] Non-static method Admin\Common\Sysinfo::GetWMI() should not be called statically, assuming $this from incompatible context D:\wamp\www\houtai\App\Admin\Common\Sysinfo.class.php 第 262 行.
NOTIC: [2] reset() expects parameter 1 to be array, object given D:\wamp\www\houtai\App\Admin\Common\Sysinfo.class.php 第 300 行.
NOTIC: [2048] Non-static method Admin\Common\Sysinfo::GetWMI() should not be called statically, assuming $this from incompatible context D:\wamp\www\houtai\App\Admin\Common\Sysinfo.class.php 第 285 行.
NOTIC: [2] reset() expects parameter 1 to be array, object given D:\wamp\www\houtai\App\Admin\Common\Sysinfo.class.php 第 300 行.
NOTIC: [2048] Non-static method Admin\Common\Sysinfo::GetWMI() should not be called statically, assuming $this from incompatible context D:\wamp\www\houtai\App\Admin\Common\Sysinfo.class.php 第 288 行.
NOTIC: [2] reset() expects parameter 1 to be array, object given D:\wamp\www\houtai\App\Admin\Common\Sysinfo.class.php 第 300 行.
NOTIC: [8] Undefined index: memCached D:\wamp\www\houtai\App\Admin\Common\Sysinfo.class.php 第 25 行.
NOTIC: [8] Undefined index: memRealPercent D:\wamp\www\houtai\App\Admin\Common\Sysinfo.class.php 第 25 行.
NOTIC: [8] Undefined index: memCachedPercent D:\wamp\www\houtai\App\Admin\Common\Sysinfo.class.php 第 25 行.
NOTIC: [8] Undefined index: swapTotal D:\wamp\www\houtai\App\Admin\Common\Sysinfo.class.php 第 25 行.
NOTIC: [8] Undefined index: swapUsed D:\wamp\www\houtai\App\Admin\Common\Sysinfo.class.php 第 25 行.
NOTIC: [8] Undefined index: swapFree D:\wamp\www\houtai\App\Admin\Common\Sysinfo.class.php 第 25 行.
NOTIC: [8] Undefined index: swapPercent D:\wamp\www\houtai\App\Admin\Common\Sysinfo.class.php 第 25 行.
NOTIC: [2] file(/proc/net/dev): failed to open stream: No such file or directory D:\wamp\www\houtai\App\Admin\Common\Sysinfo.class.php 第 33 行.
NOTIC: [8] Undefined index: memBuffers D:\wamp\www\houtai\App\Admin\Common\Sysinfo.class.php 第 68 行.
NOTIC: [8] Undefined index: memRealUsed D:\wamp\www\houtai\App\Admin\Common\Sysinfo.class.php 第 73 行.
NOTIC: [8] Undefined index: memRealFree D:\wamp\www\houtai\App\Admin\Common\Sysinfo.class.php 第 74 行.
NOTIC: [8] Undefined offset: 2 D:\wamp\www\houtai\App\Admin\Common\Sysinfo.class.php 第 82 行.
NOTIC: [8] Undefined offset: 3 D:\wamp\www\houtai\App\Admin\Common\Sysinfo.class.php 第 83 行.
NOTIC: [8] Undefined offset: 4 D:\wamp\www\houtai\App\Admin\Common\Sysinfo.class.php 第 84 行.
NOTIC: [8] Undefined offset: 5 D:\wamp\www\houtai\App\Admin\Common\Sysinfo.class.php 第 85 行.
NOTIC: [8] Undefined offset: 6 D:\wamp\www\houtai\App\Admin\Common\Sysinfo.class.php 第 86 行.
NOTIC: [8] Undefined offset: 7 D:\wamp\www\houtai\App\Admin\Common\Sysinfo.class.php 第 87 行.
NOTIC: [8] Undefined offset: 8 D:\wamp\www\houtai\App\Admin\Common\Sysinfo.class.php 第 88 行.
NOTIC: [8] Undefined offset: 9 D:\wamp\www\houtai\App\Admin\Common\Sysinfo.class.php 第 89 行.
NOTIC: [8] Undefined offset: 10 D:\wamp\www\houtai\App\Admin\Common\Sysinfo.class.php 第 90 行.
NOTIC: [8] Undefined variable: NetInput D:\wamp\www\houtai\App\Admin\Common\Sysinfo.class.php 第 91 行.
NOTIC: [8] Undefined variable: NetInput D:\wamp\www\houtai\App\Admin\Common\Sysinfo.class.php 第 92 行.
NOTIC: [8] Undefined variable: NetInput D:\wamp\www\houtai\App\Admin\Common\Sysinfo.class.php 第 93 行.
NOTIC: [8] Undefined variable: NetInput D:\wamp\www\houtai\App\Admin\Common\Sysinfo.class.php 第 94 行.
NOTIC: [8] Undefined variable: NetInput D:\wamp\www\houtai\App\Admin\Common\Sysinfo.class.php 第 95 行.
NOTIC: [8] Undefined variable: NetInput D:\wamp\www\houtai\App\Admin\Common\Sysinfo.class.php 第 96 行.
NOTIC: [8] Undefined variable: NetInput D:\wamp\www\houtai\App\Admin\Common\Sysinfo.class.php 第 97 行.
NOTIC: [8] Undefined variable: NetInput D:\wamp\www\houtai\App\Admin\Common\Sysinfo.class.php 第 98 行.
NOTIC: [8] Undefined variable: NetInput D:\wamp\www\houtai\App\Admin\Common\Sysinfo.class.php 第 99 行.
NOTIC: [2] file(/proc/net/dev): failed to open stream: No such file or directory D:\wamp\www\houtai\App\Admin\Controller\IndexController.class.php 第 116 行.
INFO: [ view_parse ] --START--
INFO: [ template_filter ] --START--
INFO: Run Behavior\ContentReplaceBehavior [ RunTime:0.000000s ]
INFO: [ template_filter ] --END-- [ RunTime:0.000000s ]
INFO: Run Behavior\ParseTemplateBehavior [ RunTime:0.310018s ]
INFO: [ view_parse ] --END-- [ RunTime:0.310018s ]
INFO: [ view_filter ] --START--
INFO: Run Behavior\WriteHtmlCacheBehavior [ RunTime:0.001000s ]
INFO: [ view_filter ] --END-- [ RunTime:0.001000s ]
INFO: [ app_end ] --START--
INFO: Run Behavior\ShowPageTraceBehavior [ RunTime:0.002000s ]
INFO: [ app_end ] --END-- [ RunTime:0.002000s ]

[ 2015-05-31T11:46:09+08:00 ] 127.0.0.1 /index.php?s=/admin/index/public_menuleft.html
INFO: [ app_begin ] --START--
INFO: Run Behavior\ReadHtmlCacheBehavior [ RunTime:0.001000s ]
SQL: SHOW COLUMNS FROM `linshi_setting` [ RunTime:0.028002s ]
SQL: SELECT `key`,`value` FROM `linshi_setting`  [ RunTime:0.000000s ]
NOTIC: [2] unlink(D:\wamp\www\houtai\Public\Runtime\Temp/71df8fced343b2a8ba67c00a47a67b50.php): No such file or directory D:\wamp\www\houtai\Libs\ThinkPHP\Library\Think\Cache\Driver\File.class.php 第 157 行.
INFO: Run \Common\Behavior\SettingBehavior [ RunTime:0.404023s ]
INFO: [ app_begin ] --END-- [ RunTime:0.406023s ]
SQL: SHOW COLUMNS FROM `linshi_menu` [ RunTime:0.211012s ]
SQL: SELECT * FROM `linshi_menu` WHERE ( `parentid` = 1 ) AND ( `display` = 1 ) ORDER BY listorder ASC LIMIT 1000   [ RunTime:0.000000s ]
SQL: SELECT * FROM `linshi_menu` WHERE ( `parentid` = 6 ) AND ( `display` = 1 ) ORDER BY listorder ASC LIMIT 1000   [ RunTime:0.001000s ]

[ 2015-05-31T11:46:09+08:00 ] 127.0.0.1 /index.php?s=/admin/index/public_menuleft.html
INFO: [ app_begin ] --START--
INFO: Run Behavior\ReadHtmlCacheBehavior [ RunTime:0.001000s ]
SQL: SHOW COLUMNS FROM `linshi_setting` [ RunTime:0.044003s ]
SQL: SELECT `key`,`value` FROM `linshi_setting`  [ RunTime:0.000000s ]
NOTIC: [2] unlink(D:\wamp\www\houtai\Public\Runtime\Temp/71df8fced343b2a8ba67c00a47a67b50.php): No such file or directory D:\wamp\www\houtai\Libs\ThinkPHP\Library\Think\Cache\Driver\File.class.php 第 157 行.
INFO: Run \Common\Behavior\SettingBehavior [ RunTime:0.113007s ]
INFO: [ app_begin ] --END-- [ RunTime:0.115007s ]
SQL: SHOW COLUMNS FROM `linshi_menu` [ RunTime:0.004000s ]
SQL: SELECT * FROM `linshi_menu` WHERE ( `parentid` = 4 ) AND ( `display` = 1 ) ORDER BY listorder ASC LIMIT 1000   [ RunTime:0.000000s ]
SQL: SELECT * FROM `linshi_menu` WHERE ( `parentid` = 42 ) AND ( `display` = 1 ) ORDER BY listorder ASC LIMIT 1000   [ RunTime:0.001000s ]

[ 2015-05-31T11:46:12+08:00 ] 127.0.0.1 /index.php?s=/admin/teacher/teacherlist/menuid/45.html&_=1433043972097
INFO: [ app_begin ] --START--
INFO: Run Behavior\ReadHtmlCacheBehavior [ RunTime:0.001000s ]
SQL: SHOW COLUMNS FROM `linshi_setting` [ RunTime:0.005001s ]
SQL: SELECT `key`,`value` FROM `linshi_setting`  [ RunTime:0.001000s ]
NOTIC: [2] unlink(D:\wamp\www\houtai\Public\Runtime\Temp/71df8fced343b2a8ba67c00a47a67b50.php): No such file or directory D:\wamp\www\houtai\Libs\ThinkPHP\Library\Think\Cache\Driver\File.class.php 第 157 行.
INFO: Run \Common\Behavior\SettingBehavior [ RunTime:0.069004s ]
INFO: [ app_begin ] --END-- [ RunTime:0.071004s ]
SQL: SHOW COLUMNS FROM `linshi_menu` [ RunTime:0.032002s ]
SQL: SELECT * FROM `linshi_menu` WHERE ( `id` = 45 ) LIMIT 1   [ RunTime:0.001000s ]
SQL: SELECT * FROM `linshi_menu` WHERE ( `id` = 42 ) LIMIT 1   [ RunTime:0.000000s ]
SQL: SELECT * FROM `linshi_menu` WHERE ( `id` = 4 ) LIMIT 1   [ RunTime:0.000000s ]
SQL: SHOW COLUMNS FROM `linshi_admin_role` [ RunTime:0.007001s ]
SQL: SELECT `roleid`,`rolename` FROM `linshi_admin_role` WHERE ( `disabled` = 0 )  [ RunTime:0.001000s ]
INFO: [ view_parse ] --START--
INFO: [ template_filter ] --START--
INFO: Run Behavior\ContentReplaceBehavior [ RunTime:0.000000s ]
INFO: [ template_filter ] --END-- [ RunTime:0.000000s ]
INFO: Run Behavior\ParseTemplateBehavior [ RunTime:0.127007s ]
INFO: [ view_parse ] --END-- [ RunTime:0.127007s ]
INFO: [ view_filter ] --START--
INFO: Run Behavior\WriteHtmlCacheBehavior [ RunTime:0.000000s ]
INFO: [ view_filter ] --END-- [ RunTime:0.001000s ]
INFO: [ app_end ] --START--
INFO: Run Behavior\ShowPageTraceBehavior [ RunTime:0.001000s ]
INFO: [ app_end ] --END-- [ RunTime:0.001000s ]

[ 2015-05-31T11:46:14+08:00 ] 127.0.0.1 /index.php?s=/admin/teacher/teacherlist/grid/datagrid.html
INFO: [ app_begin ] --START--
INFO: Run Behavior\ReadHtmlCacheBehavior [ RunTime:0.000000s ]
SQL: SHOW COLUMNS FROM `linshi_setting` [ RunTime:0.081005s ]
SQL: SELECT `key`,`value` FROM `linshi_setting`  [ RunTime:0.001000s ]
NOTIC: [2] unlink(D:\wamp\www\houtai\Public\Runtime\Temp/71df8fced343b2a8ba67c00a47a67b50.php): No such file or directory D:\wamp\www\houtai\Libs\ThinkPHP\Library\Think\Cache\Driver\File.class.php 第 157 行.
INFO: Run \Common\Behavior\SettingBehavior [ RunTime:0.166010s ]
INFO: [ app_begin ] --END-- [ RunTime:0.167010s ]
SQL: SHOW COLUMNS FROM `linshi_teachers` [ RunTime:0.310018s ]
SQL: SELECT COUNT(*) AS tp_count FROM `linshi_teachers` LIMIT 1   [ RunTime:0.104006s ]
SQL: SELECT `teacher_name`,`sex`,`teaching_age`,`certification_flag`,`education_flag`,`teacher_certification_flag`,`discipline`,`grade`,`course_category`,`sort_num`,`recommand_flag`,`raw_add_time`,`display`,`teacher_id`,`teacher_id` as teacher_ids FROM `linshi_teachers` ORDER BY teacher_id asc LIMIT 0,20   [ RunTime:0.061003s ]

[ 2015-05-31T11:46:27+08:00 ] 127.0.0.1 /index.php?s=/admin/teacher/timelist/menuid/57.html&_=1433043987318
INFO: [ app_begin ] --START--
INFO: Run Behavior\ReadHtmlCacheBehavior [ RunTime:0.001000s ]
SQL: SHOW COLUMNS FROM `linshi_setting` [ RunTime:0.005000s ]
SQL: SELECT `key`,`value` FROM `linshi_setting`  [ RunTime:0.001000s ]
NOTIC: [2] unlink(D:\wamp\www\houtai\Public\Runtime\Temp/71df8fced343b2a8ba67c00a47a67b50.php): No such file or directory D:\wamp\www\houtai\Libs\ThinkPHP\Library\Think\Cache\Driver\File.class.php 第 157 行.
INFO: Run \Common\Behavior\SettingBehavior [ RunTime:0.042002s ]
INFO: [ app_begin ] --END-- [ RunTime:0.044002s ]
SQL: SHOW COLUMNS FROM `linshi_menu` [ RunTime:0.005001s ]
SQL: SELECT * FROM `linshi_menu` WHERE ( `id` = 57 ) LIMIT 1   [ RunTime:0.000000s ]
SQL: SELECT * FROM `linshi_menu` WHERE ( `id` = 42 ) LIMIT 1   [ RunTime:0.000000s ]
SQL: SELECT * FROM `linshi_menu` WHERE ( `id` = 4 ) LIMIT 1   [ RunTime:0.000000s ]
SQL: SHOW COLUMNS FROM `linshi_admin_role` [ RunTime:0.003000s ]
SQL: SELECT `roleid`,`rolename` FROM `linshi_admin_role` WHERE ( `disabled` = 0 )  [ RunTime:0.001000s ]
INFO: [ view_parse ] --START--
INFO: [ template_filter ] --START--
INFO: Run Behavior\ContentReplaceBehavior [ RunTime:0.000000s ]
INFO: [ template_filter ] --END-- [ RunTime:0.000000s ]
INFO: Run Behavior\ParseTemplateBehavior [ RunTime:0.034002s ]
INFO: [ view_parse ] --END-- [ RunTime:0.035002s ]
INFO: [ view_filter ] --START--
INFO: Run Behavior\WriteHtmlCacheBehavior [ RunTime:0.001000s ]
INFO: [ view_filter ] --END-- [ RunTime:0.001000s ]
INFO: [ app_end ] --START--
INFO: Run Behavior\ShowPageTraceBehavior [ RunTime:0.001000s ]
INFO: [ app_end ] --END-- [ RunTime:0.002000s ]

[ 2015-05-31T11:46:28+08:00 ] 127.0.0.1 /index.php?s=/admin/teacher/timelist/grid/datagrid.html
INFO: [ app_begin ] --START--
INFO: Run Behavior\ReadHtmlCacheBehavior [ RunTime:0.001000s ]
SQL: SHOW COLUMNS FROM `linshi_setting` [ RunTime:0.024001s ]
SQL: SELECT `key`,`value` FROM `linshi_setting`  [ RunTime:0.000000s ]
NOTIC: [2] unlink(D:\wamp\www\houtai\Public\Runtime\Temp/71df8fced343b2a8ba67c00a47a67b50.php): No such file or directory D:\wamp\www\houtai\Libs\ThinkPHP\Library\Think\Cache\Driver\File.class.php 第 157 行.
INFO: Run \Common\Behavior\SettingBehavior [ RunTime:0.147008s ]
INFO: [ app_begin ] --END-- [ RunTime:0.150008s ]
SQL: SHOW COLUMNS FROM `linshi_course_time` [ RunTime:0.003000s ]
SQL: SELECT COUNT(*) AS tp_count FROM `linshi_course_time` LIMIT 1   [ RunTime:0.001000s ]
SQL: SELECT * FROM `linshi_course_time` ORDER BY course_time_id asc LIMIT 0,20   [ RunTime:0.001000s ]

[ 2015-05-31T11:46:30+08:00 ] 127.0.0.1 /index.php?s=/admin/teacher/timeadd.html&_=1433043990441
INFO: [ app_begin ] --START--
INFO: Run Behavior\ReadHtmlCacheBehavior [ RunTime:0.001000s ]
SQL: SHOW COLUMNS FROM `linshi_setting` [ RunTime:0.005000s ]
SQL: SELECT `key`,`value` FROM `linshi_setting`  [ RunTime:0.000000s ]
NOTIC: [2] unlink(D:\wamp\www\houtai\Public\Runtime\Temp/71df8fced343b2a8ba67c00a47a67b50.php): No such file or directory D:\wamp\www\houtai\Libs\ThinkPHP\Library\Think\Cache\Driver\File.class.php 第 157 行.
INFO: Run \Common\Behavior\SettingBehavior [ RunTime:0.062004s ]
INFO: [ app_begin ] --END-- [ RunTime:0.063004s ]
INFO: [ view_parse ] --START--
INFO: [ template_filter ] --START--
INFO: Run Behavior\ContentReplaceBehavior [ RunTime:0.000000s ]
INFO: [ template_filter ] --END-- [ RunTime:0.000000s ]
INFO: Run Behavior\ParseTemplateBehavior [ RunTime:0.027002s ]
INFO: [ view_parse ] --END-- [ RunTime:0.027002s ]
INFO: [ view_filter ] --START--
INFO: Run Behavior\WriteHtmlCacheBehavior [ RunTime:0.001000s ]
INFO: [ view_filter ] --END-- [ RunTime:0.001000s ]
INFO: [ app_end ] --START--
INFO: Run Behavior\ShowPageTraceBehavior [ RunTime:0.001000s ]
INFO: [ app_end ] --END-- [ RunTime:0.001000s ]

[ 2015-05-31T11:47:25+08:00 ] 127.0.0.1 /index.php?s=/admin/student/studentlist/menuid/46.html&_=1433044044686
INFO: [ app_begin ] --START--
INFO: Run Behavior\ReadHtmlCacheBehavior [ RunTime:0.001000s ]
SQL: SHOW COLUMNS FROM `linshi_setting` [ RunTime:0.006001s ]
SQL: SELECT `key`,`value` FROM `linshi_setting`  [ RunTime:0.000000s ]
NOTIC: [2] unlink(D:\wamp\www\houtai\Public\Runtime\Temp/71df8fced343b2a8ba67c00a47a67b50.php): No such file or directory D:\wamp\www\houtai\Libs\ThinkPHP\Library\Think\Cache\Driver\File.class.php 第 157 行.
INFO: Run \Common\Behavior\SettingBehavior [ RunTime:0.028002s ]
INFO: [ app_begin ] --END-- [ RunTime:0.030002s ]
INFO: [ view_parse ] --START--
INFO: [ template_filter ] --START--
INFO: Run Behavior\ContentReplaceBehavior [ RunTime:0.000000s ]
INFO: [ template_filter ] --END-- [ RunTime:0.000000s ]
INFO: Run Behavior\ParseTemplateBehavior [ RunTime:0.034002s ]
INFO: [ view_parse ] --END-- [ RunTime:0.035002s ]
INFO: [ view_filter ] --START--
INFO: Run Behavior\WriteHtmlCacheBehavior [ RunTime:0.001000s ]
INFO: [ view_filter ] --END-- [ RunTime:0.001000s ]
INFO: [ app_end ] --START--
INFO: Run Behavior\ShowPageTraceBehavior [ RunTime:0.001000s ]
INFO: [ app_end ] --END-- [ RunTime:0.001000s ]

[ 2015-05-31T11:47:26+08:00 ] 127.0.0.1 /index.php?s=/admin/teacher/timelist/menuid/57.html&_=1433044046063
INFO: [ app_begin ] --START--
INFO: Run Behavior\ReadHtmlCacheBehavior [ RunTime:0.001000s ]
SQL: SHOW COLUMNS FROM `linshi_setting` [ RunTime:0.005001s ]
SQL: SELECT `key`,`value` FROM `linshi_setting`  [ RunTime:0.000000s ]
NOTIC: [2] unlink(D:\wamp\www\houtai\Public\Runtime\Temp/71df8fced343b2a8ba67c00a47a67b50.php): No such file or directory D:\wamp\www\houtai\Libs\ThinkPHP\Library\Think\Cache\Driver\File.class.php 第 157 行.
INFO: Run \Common\Behavior\SettingBehavior [ RunTime:0.028002s ]
INFO: [ app_begin ] --END-- [ RunTime:0.030002s ]
SQL: SHOW COLUMNS FROM `linshi_menu` [ RunTime:0.020001s ]
SQL: SELECT * FROM `linshi_menu` WHERE ( `id` = 57 ) LIMIT 1   [ RunTime:0.000000s ]
SQL: SELECT * FROM `linshi_menu` WHERE ( `id` = 42 ) LIMIT 1   [ RunTime:0.000000s ]
SQL: SELECT * FROM `linshi_menu` WHERE ( `id` = 4 ) LIMIT 1   [ RunTime:0.000000s ]
SQL: SHOW COLUMNS FROM `linshi_admin_role` [ RunTime:0.023001s ]
SQL: SELECT `roleid`,`rolename` FROM `linshi_admin_role` WHERE ( `disabled` = 0 )  [ RunTime:0.001000s ]
INFO: [ view_parse ] --START--
INFO: [ template_filter ] --START--
INFO: Run Behavior\ContentReplaceBehavior [ RunTime:0.000000s ]
INFO: [ template_filter ] --END-- [ RunTime:0.000000s ]
INFO: Run Behavior\ParseTemplateBehavior [ RunTime:0.014001s ]
INFO: [ view_parse ] --END-- [ RunTime:0.014001s ]
INFO: [ view_filter ] --START--
INFO: Run Behavior\WriteHtmlCacheBehavior [ RunTime:0.001000s ]
INFO: [ view_filter ] --END-- [ RunTime:0.001000s ]
INFO: [ app_end ] --START--
INFO: Run Behavior\ShowPageTraceBehavior [ RunTime:0.001000s ]
INFO: [ app_end ] --END-- [ RunTime:0.001000s ]

[ 2015-05-31T11:47:27+08:00 ] 127.0.0.1 /index.php?s=/admin/teacher/timelist/grid/datagrid.html
INFO: [ app_begin ] --START--
INFO: Run Behavior\ReadHtmlCacheBehavior [ RunTime:0.001000s ]
SQL: SHOW COLUMNS FROM `linshi_setting` [ RunTime:0.005000s ]
SQL: SELECT `key`,`value` FROM `linshi_setting`  [ RunTime:0.000000s ]
NOTIC: [2] unlink(D:\wamp\www\houtai\Public\Runtime\Temp/71df8fced343b2a8ba67c00a47a67b50.php): No such file or directory D:\wamp\www\houtai\Libs\ThinkPHP\Library\Think\Cache\Driver\File.class.php 第 157 行.
INFO: Run \Common\Behavior\SettingBehavior [ RunTime:0.037002s ]
INFO: [ app_begin ] --END-- [ RunTime:0.039002s ]
SQL: SHOW COLUMNS FROM `linshi_course_time` [ RunTime:0.004001s ]
SQL: SELECT COUNT(*) AS tp_count FROM `linshi_course_time` LIMIT 1   [ RunTime:0.001000s ]
SQL: SELECT * FROM `linshi_course_time` ORDER BY course_time_id asc LIMIT 0,20   [ RunTime:0.000000s ]

[ 2015-05-31T11:47:29+08:00 ] 127.0.0.1 /index.php?s=/admin/teacher/timeadd.html&_=1433044049511
INFO: [ app_begin ] --START--
INFO: Run Behavior\ReadHtmlCacheBehavior [ RunTime:0.001000s ]
SQL: SHOW COLUMNS FROM `linshi_setting` [ RunTime:0.078005s ]
SQL: SELECT `key`,`value` FROM `linshi_setting`  [ RunTime:0.000000s ]
NOTIC: [2] unlink(D:\wamp\www\houtai\Public\Runtime\Temp/71df8fced343b2a8ba67c00a47a67b50.php): No such file or directory D:\wamp\www\houtai\Libs\ThinkPHP\Library\Think\Cache\Driver\File.class.php 第 157 行.
INFO: Run \Common\Behavior\SettingBehavior [ RunTime:0.198012s ]
INFO: [ app_begin ] --END-- [ RunTime:0.199012s ]
INFO: [ view_parse ] --START--
INFO: [ template_filter ] --START--
INFO: Run Behavior\ContentReplaceBehavior [ RunTime:0.000000s ]
INFO: [ template_filter ] --END-- [ RunTime:0.001000s ]
INFO: Run Behavior\ParseTemplateBehavior [ RunTime:0.010001s ]
INFO: [ view_parse ] --END-- [ RunTime:0.010001s ]
INFO: [ view_filter ] --START--
INFO: Run Behavior\WriteHtmlCacheBehavior [ RunTime:0.001000s ]
INFO: [ view_filter ] --END-- [ RunTime:0.001000s ]
INFO: [ app_end ] --START--
INFO: Run Behavior\ShowPageTraceBehavior [ RunTime:0.001000s ]
INFO: [ app_end ] --END-- [ RunTime:0.001000s ]

[ 2015-05-31T11:49:13+08:00 ] 127.0.0.1 /index.php?s=/admin/teacher/timeadd.html
INFO: [ app_begin ] --START--
INFO: Run Behavior\ReadHtmlCacheBehavior [ RunTime:0.002000s ]
SQL: SHOW COLUMNS FROM `linshi_setting` [ RunTime:0.004000s ]
SQL: SELECT `key`,`value` FROM `linshi_setting`  [ RunTime:0.000000s ]
NOTIC: [2] unlink(D:\wamp\www\houtai\Public\Runtime\Temp/71df8fced343b2a8ba67c00a47a67b50.php): No such file or directory D:\wamp\www\houtai\Libs\ThinkPHP\Library\Think\Cache\Driver\File.class.php 第 157 行.
INFO: Run \Common\Behavior\SettingBehavior [ RunTime:0.087005s ]
INFO: [ app_begin ] --END-- [ RunTime:0.090005s ]
SQL: SHOW COLUMNS FROM `linshi_teachers` [ RunTime:0.005000s ]
SQL: SHOW COLUMNS FROM `linshi_course_time` [ RunTime:0.046003s ]
NOTIC: [8] Use of undefined constant teacher_id - assumed 'teacher_id' D:\wamp\www\houtai\App\Admin\Controller\TeacherController.class.php 第 464 行.
SQL: SELECT * FROM `linshi_teachers` WHERE ( `teacher_id` = 314 )  [ RunTime:0.101006s ]

[ 2015-05-31T11:49:39+08:00 ] 127.0.0.1 /index.php?s=/admin/teacher/timeadd.html
INFO: [ app_begin ] --START--
INFO: Run Behavior\ReadHtmlCacheBehavior [ RunTime:0.001000s ]
SQL: SHOW COLUMNS FROM `linshi_setting` [ RunTime:0.005001s ]
SQL: SELECT `key`,`value` FROM `linshi_setting`  [ RunTime:0.000000s ]
NOTIC: [2] unlink(D:\wamp\www\houtai\Public\Runtime\Temp/71df8fced343b2a8ba67c00a47a67b50.php): No such file or directory D:\wamp\www\houtai\Libs\ThinkPHP\Library\Think\Cache\Driver\File.class.php 第 157 行.
INFO: Run \Common\Behavior\SettingBehavior [ RunTime:0.034002s ]
INFO: [ app_begin ] --END-- [ RunTime:0.036002s ]
SQL: SHOW COLUMNS FROM `linshi_teachers` [ RunTime:0.013001s ]
SQL: SHOW COLUMNS FROM `linshi_course_time` [ RunTime:0.004000s ]
NOTIC: [8] Use of undefined constant teacher_id - assumed 'teacher_id' D:\wamp\www\houtai\App\Admin\Controller\TeacherController.class.php 第 464 行.
SQL: SELECT * FROM `linshi_teachers` WHERE ( `teacher_id` = 314 )  [ RunTime:0.001000s ]

[ 2015-05-31T11:50:15+08:00 ] 127.0.0.1 /index.php?s=/admin/teacher/timeadd.html
INFO: [ app_begin ] --START--
INFO: Run Behavior\ReadHtmlCacheBehavior [ RunTime:0.001000s ]
SQL: SHOW COLUMNS FROM `linshi_setting` [ RunTime:0.004000s ]
SQL: SELECT `key`,`value` FROM `linshi_setting`  [ RunTime:0.001000s ]
NOTIC: [2] unlink(D:\wamp\www\houtai\Public\Runtime\Temp/71df8fced343b2a8ba67c00a47a67b50.php): No such file or directory D:\wamp\www\houtai\Libs\ThinkPHP\Library\Think\Cache\Driver\File.class.php 第 157 行.
INFO: Run \Common\Behavior\SettingBehavior [ RunTime:0.028001s ]
INFO: [ app_begin ] --END-- [ RunTime:0.029001s ]
SQL: SHOW COLUMNS FROM `linshi_teachers` [ RunTime:0.004000s ]
SQL: SHOW COLUMNS FROM `linshi_course_time` [ RunTime:0.005000s ]
NOTIC: [8] Use of undefined constant teacher_id - assumed 'teacher_id' D:\wamp\www\houtai\App\Admin\Controller\TeacherController.class.php 第 464 行.
SQL: SELECT * FROM `linshi_teachers` WHERE ( `teacher_id` = 314 )  [ RunTime:0.015001s ]

[ 2015-05-31T11:51:14+08:00 ] 127.0.0.1 /index.php?s=/admin/teacher/timeadd.html
INFO: [ app_begin ] --START--
INFO: Run Behavior\ReadHtmlCacheBehavior [ RunTime:0.001000s ]
SQL: SHOW COLUMNS FROM `linshi_setting` [ RunTime:0.004001s ]
SQL: SELECT `key`,`value` FROM `linshi_setting`  [ RunTime:0.000000s ]
NOTIC: [2] unlink(D:\wamp\www\houtai\Public\Runtime\Temp/71df8fced343b2a8ba67c00a47a67b50.php): No such file or directory D:\wamp\www\houtai\Libs\ThinkPHP\Library\Think\Cache\Driver\File.class.php 第 157 行.
INFO: Run \Common\Behavior\SettingBehavior [ RunTime:0.077005s ]
INFO: [ app_begin ] --END-- [ RunTime:0.079005s ]
SQL: SHOW COLUMNS FROM `linshi_teachers` [ RunTime:0.004000s ]
SQL: SHOW COLUMNS FROM `linshi_course_time` [ RunTime:0.004001s ]
NOTIC: [8] Use of undefined constant teacher_id - assumed 'teacher_id' D:\wamp\www\houtai\App\Admin\Controller\TeacherController.class.php 第 464 行.
SQL: SELECT * FROM `linshi_teachers` WHERE ( `teacher_id` = 314 )  [ RunTime:0.001000s ]

[ 2015-05-31T11:52:00+08:00 ] 127.0.0.1 /index.php?s=/admin/teacher/timeadd.html
INFO: [ app_begin ] --START--
INFO: Run Behavior\ReadHtmlCacheBehavior [ RunTime:0.001000s ]
SQL: SHOW COLUMNS FROM `linshi_setting` [ RunTime:0.005000s ]
SQL: SELECT `key`,`value` FROM `linshi_setting`  [ RunTime:0.000000s ]
NOTIC: [2] unlink(D:\wamp\www\houtai\Public\Runtime\Temp/71df8fced343b2a8ba67c00a47a67b50.php): No such file or directory D:\wamp\www\houtai\Libs\ThinkPHP\Library\Think\Cache\Driver\File.class.php 第 157 行.
INFO: Run \Common\Behavior\SettingBehavior [ RunTime:0.082005s ]
INFO: [ app_begin ] --END-- [ RunTime:0.083005s ]
SQL: SHOW COLUMNS FROM `linshi_teachers` [ RunTime:0.004000s ]
SQL: SHOW COLUMNS FROM `linshi_course_time` [ RunTime:0.030001s ]
NOTIC: [8] Use of undefined constant teacher_id - assumed 'teacher_id' D:\wamp\www\houtai\App\Admin\Controller\TeacherController.class.php 第 464 行.
SQL: SELECT * FROM `linshi_teachers` WHERE ( `teacher_id` = 314 )  [ RunTime:0.013001s ]

[ 2015-05-31T11:53:24+08:00 ] 127.0.0.1 /index.php?s=/admin/teacher/timeadd.html
INFO: [ app_begin ] --START--
INFO: Run Behavior\ReadHtmlCacheBehavior [ RunTime:0.001000s ]
SQL: SHOW COLUMNS FROM `linshi_setting` [ RunTime:0.020001s ]
SQL: SELECT `key`,`value` FROM `linshi_setting`  [ RunTime:0.000000s ]
NOTIC: [2] unlink(D:\wamp\www\houtai\Public\Runtime\Temp/71df8fced343b2a8ba67c00a47a67b50.php): No such file or directory D:\wamp\www\houtai\Libs\ThinkPHP\Library\Think\Cache\Driver\File.class.php 第 157 行.
INFO: Run \Common\Behavior\SettingBehavior [ RunTime:0.056003s ]
INFO: [ app_begin ] --END-- [ RunTime:0.057003s ]
SQL: SHOW COLUMNS FROM `linshi_teachers` [ RunTime:0.006001s ]
SQL: SHOW COLUMNS FROM `linshi_course_time` [ RunTime:0.004000s ]
NOTIC: [8] Use of undefined constant teacher_id - assumed 'teacher_id' D:\wamp\www\houtai\App\Admin\Controller\TeacherController.class.php 第 464 行.
SQL: SELECT * FROM `linshi_teachers` WHERE ( `teacher_id` = 314 )  [ RunTime:0.016001s ]

[ 2015-05-31T11:53:56+08:00 ] 127.0.0.1 /index.php?s=/admin/teacher/timeadd.html
INFO: [ app_begin ] --START--
INFO: Run Behavior\ReadHtmlCacheBehavior [ RunTime:0.001000s ]
SQL: SHOW COLUMNS FROM `linshi_setting` [ RunTime:0.012001s ]
SQL: SELECT `key`,`value` FROM `linshi_setting`  [ RunTime:0.000000s ]
NOTIC: [2] unlink(D:\wamp\www\houtai\Public\Runtime\Temp/71df8fced343b2a8ba67c00a47a67b50.php): No such file or directory D:\wamp\www\houtai\Libs\ThinkPHP\Library\Think\Cache\Driver\File.class.php 第 157 行.
INFO: Run \Common\Behavior\SettingBehavior [ RunTime:0.037002s ]
INFO: [ app_begin ] --END-- [ RunTime:0.038002s ]
SQL: SHOW COLUMNS FROM `linshi_teachers` [ RunTime:0.019001s ]
SQL: SHOW COLUMNS FROM `linshi_course_time` [ RunTime:0.014000s ]
NOTIC: [8] Use of undefined constant teacher_id - assumed 'teacher_id' D:\wamp\www\houtai\App\Admin\Controller\TeacherController.class.php 第 464 行.
SQL: SELECT * FROM `linshi_teachers` WHERE ( `teacher_id` = 315 )  [ RunTime:0.031001s ]

[ 2015-05-31T11:54:45+08:00 ] 127.0.0.1 /index.php?s=/admin/teacher/timeadd.html
INFO: [ app_begin ] --START--
INFO: Run Behavior\ReadHtmlCacheBehavior [ RunTime:0.001000s ]
SQL: SHOW COLUMNS FROM `linshi_setting` [ RunTime:0.022001s ]
SQL: SELECT `key`,`value` FROM `linshi_setting`  [ RunTime:0.000000s ]
NOTIC: [2] unlink(D:\wamp\www\houtai\Public\Runtime\Temp/71df8fced343b2a8ba67c00a47a67b50.php): No such file or directory D:\wamp\www\houtai\Libs\ThinkPHP\Library\Think\Cache\Driver\File.class.php 第 157 行.
INFO: Run \Common\Behavior\SettingBehavior [ RunTime:0.046003s ]
INFO: [ app_begin ] --END-- [ RunTime:0.047003s ]
SQL: SHOW COLUMNS FROM `linshi_teachers` [ RunTime:0.005001s ]
SQL: SHOW COLUMNS FROM `linshi_course_time` [ RunTime:0.011000s ]
NOTIC: [8] Use of undefined constant teacher_id - assumed 'teacher_id' D:\wamp\www\houtai\App\Admin\Controller\TeacherController.class.php 第 464 行.
SQL: SELECT * FROM `linshi_teachers` WHERE ( `teacher_id` = 315 )  [ RunTime:0.001000s ]

[ 2015-05-31T11:55:09+08:00 ] 127.0.0.1 /index.php?s=/admin/teacher/timeadd.html
INFO: [ app_begin ] --START--
INFO: Run Behavior\ReadHtmlCacheBehavior [ RunTime:0.001001s ]
SQL: SHOW COLUMNS FROM `linshi_setting` [ RunTime:0.004000s ]
SQL: SELECT `key`,`value` FROM `linshi_setting`  [ RunTime:0.000000s ]
NOTIC: [2] unlink(D:\wamp\www\houtai\Public\Runtime\Temp/71df8fced343b2a8ba67c00a47a67b50.php): No such file or directory D:\wamp\www\houtai\Libs\ThinkPHP\Library\Think\Cache\Driver\File.class.php 第 157 行.
INFO: Run \Common\Behavior\SettingBehavior [ RunTime:0.031001s ]
INFO: [ app_begin ] --END-- [ RunTime:0.033002s ]
SQL: SHOW COLUMNS FROM `linshi_teachers` [ RunTime:0.021001s ]
SQL: SHOW COLUMNS FROM `linshi_course_time` [ RunTime:0.005000s ]
NOTIC: [8] Use of undefined constant teacher_id - assumed 'teacher_id' D:\wamp\www\houtai\App\Admin\Controller\TeacherController.class.php 第 464 行.
SQL: SELECT * FROM `linshi_teachers` WHERE ( `teacher_id` = 315 )  [ RunTime:0.001000s ]

[ 2015-05-31T11:55:56+08:00 ] 127.0.0.1 /index.php?s=/admin/index/public_sessionlife.html
INFO: [ app_begin ] --START--
INFO: Run Behavior\ReadHtmlCacheBehavior [ RunTime:0.001000s ]
SQL: SHOW COLUMNS FROM `linshi_setting` [ RunTime:0.036002s ]
SQL: SELECT `key`,`value` FROM `linshi_setting`  [ RunTime:0.000000s ]
NOTIC: [2] unlink(D:\wamp\www\houtai\Public\Runtime\Temp/71df8fced343b2a8ba67c00a47a67b50.php): No such file or directory D:\wamp\www\houtai\Libs\ThinkPHP\Library\Think\Cache\Driver\File.class.php 第 157 行.
INFO: Run \Common\Behavior\SettingBehavior [ RunTime:0.195011s ]
INFO: [ app_begin ] --END-- [ RunTime:0.196011s ]
INFO: [ app_end ] --START--
INFO: Run Behavior\ShowPageTraceBehavior [ RunTime:0.030001s ]
INFO: [ app_end ] --END-- [ RunTime:0.030001s ]

[ 2015-05-31T11:57:16+08:00 ] 127.0.0.1 /index.php?s=/admin/teacher/timeadd.html
INFO: [ app_begin ] --START--
INFO: Run Behavior\ReadHtmlCacheBehavior [ RunTime:0.001000s ]
SQL: SHOW COLUMNS FROM `linshi_setting` [ RunTime:0.004001s ]
SQL: SELECT `key`,`value` FROM `linshi_setting`  [ RunTime:0.000000s ]
NOTIC: [2] unlink(D:\wamp\www\houtai\Public\Runtime\Temp/71df8fced343b2a8ba67c00a47a67b50.php): No such file or directory D:\wamp\www\houtai\Libs\ThinkPHP\Library\Think\Cache\Driver\File.class.php 第 157 行.
INFO: Run \Common\Behavior\SettingBehavior [ RunTime:0.203012s ]
INFO: [ app_begin ] --END-- [ RunTime:0.205012s ]
SQL: SHOW COLUMNS FROM `linshi_teachers` [ RunTime:0.033002s ]
SQL: SHOW COLUMNS FROM `linshi_course_time` [ RunTime:0.029002s ]
NOTIC: [8] Use of undefined constant teacher_id - assumed 'teacher_id' D:\wamp\www\houtai\App\Admin\Controller\TeacherController.class.php 第 464 行.
SQL: SELECT * FROM `linshi_teachers` WHERE ( `teacher_id` = 315 )  [ RunTime:0.001000s ]
SQL: INSERT INTO `linshi_course_time` (`teacher_id`,`teacher_name`,`class_date`,`class_time`,`class_week`,`teacher_no_time`) VALUES (315,'敖继红','2015-05-13','7:00-7:30','周三',0) [ RunTime:0.697040s ]
SQL: INSERT INTO `linshi_course_time` (`teacher_id`,`teacher_name`,`class_date`,`class_time`,`class_week`,`teacher_no_time`) VALUES (315,'敖继红','2015-05-13','7:30-8:00','周三',0) [ RunTime:0.066003s ]
SQL: INSERT INTO `linshi_course_time` (`teacher_id`,`teacher_name`,`class_date`,`class_time`,`class_week`,`teacher_no_time`) VALUES (315,'敖继红','2015-05-13','8:00-8:30','周三',0) [ RunTime:0.093005s ]
SQL: INSERT INTO `linshi_course_time` (`teacher_id`,`teacher_name`,`class_date`,`class_time`,`class_week`,`teacher_no_time`) VALUES (315,'敖继红','2015-05-13','8:30-9:00','周三',0) [ RunTime:0.088005s ]
SQL: INSERT INTO `linshi_course_time` (`teacher_id`,`teacher_name`,`class_date`,`class_time`,`class_week`,`teacher_no_time`) VALUES (315,'敖继红','2015-05-13','9:00-9:30','周三',0) [ RunTime:0.048003s ]
SQL: INSERT INTO `linshi_course_time` (`teacher_id`,`teacher_name`,`class_date`,`class_time`,`class_week`,`teacher_no_time`) VALUES (315,'敖继红','2015-05-13','9:30-10:00','周三',0) [ RunTime:0.065004s ]
SQL: INSERT INTO `linshi_course_time` (`teacher_id`,`teacher_name`,`class_date`,`class_time`,`class_week`,`teacher_no_time`) VALUES (315,'敖继红','2015-05-13','10:00-10:30','周三',0) [ RunTime:0.072004s ]
SQL: INSERT INTO `linshi_course_time` (`teacher_id`,`teacher_name`,`class_date`,`class_time`,`class_week`,`teacher_no_time`) VALUES (315,'敖继红','2015-05-13','10:30-11:00','周三',0) [ RunTime:0.075004s ]
SQL: INSERT INTO `linshi_course_time` (`teacher_id`,`teacher_name`,`class_date`,`class_time`,`class_week`,`teacher_no_time`) VALUES (315,'敖继红','2015-05-13','11:00-11:30','周三',0) [ RunTime:0.072004s ]
SQL: INSERT INTO `linshi_course_time` (`teacher_id`,`teacher_name`,`class_date`,`class_time`,`class_week`,`teacher_no_time`) VALUES (315,'敖继红','2015-05-13','11:30-12:00','周三',0) [ RunTime:0.060004s ]
SQL: INSERT INTO `linshi_course_time` (`teacher_id`,`teacher_name`,`class_date`,`class_time`,`class_week`,`teacher_no_time`) VALUES (315,'敖继红','2015-05-13','12:00-12:30','周三',0) [ RunTime:0.077004s ]
SQL: INSERT INTO `linshi_course_time` (`teacher_id`,`teacher_name`,`class_date`,`class_time`,`class_week`,`teacher_no_time`) VALUES (315,'敖继红','2015-05-13','12:30-13:00','周三',0) [ RunTime:0.081005s ]
SQL: INSERT INTO `linshi_course_time` (`teacher_id`,`teacher_name`,`class_date`,`class_time`,`class_week`,`teacher_no_time`) VALUES (315,'敖继红','2015-05-13','13:00-13:30','周三',0) [ RunTime:0.038002s ]
SQL: INSERT INTO `linshi_course_time` (`teacher_id`,`teacher_name`,`class_date`,`class_time`,`class_week`,`teacher_no_time`) VALUES (315,'敖继红','2015-05-13','13:30-14:00','周三',0) [ RunTime:0.099006s ]
SQL: INSERT INTO `linshi_course_time` (`teacher_id`,`teacher_name`,`class_date`,`class_time`,`class_week`,`teacher_no_time`) VALUES (315,'敖继红','2015-05-13','14:00-14:30','周三',0) [ RunTime:0.093005s ]
SQL: INSERT INTO `linshi_course_time` (`teacher_id`,`teacher_name`,`class_date`,`class_time`,`class_week`,`teacher_no_time`) VALUES (315,'敖继红','2015-05-13','14:30-15:00','周三',0) [ RunTime:0.085005s ]
SQL: INSERT INTO `linshi_course_time` (`teacher_id`,`teacher_name`,`class_date`,`class_time`,`class_week`,`teacher_no_time`) VALUES (315,'敖继红','2015-05-13','15:00-15:30','周三',0) [ RunTime:0.087005s ]
SQL: INSERT INTO `linshi_course_time` (`teacher_id`,`teacher_name`,`class_date`,`class_time`,`class_week`,`teacher_no_time`) VALUES (315,'敖继红','2015-05-13','15:30-16:00','周三',0) [ RunTime:0.054003s ]
SQL: INSERT INTO `linshi_course_time` (`teacher_id`,`teacher_name`,`class_date`,`class_time`,`class_week`,`teacher_no_time`) VALUES (315,'敖继红','2015-05-13','16:00-16:30','周三',0) [ RunTime:0.054004s ]
SQL: INSERT INTO `linshi_course_time` (`teacher_id`,`teacher_name`,`class_date`,`class_time`,`class_week`,`teacher_no_time`) VALUES (315,'敖继红','2015-05-13','16:30-17:00','周三',0) [ RunTime:0.110006s ]
SQL: INSERT INTO `linshi_course_time` (`teacher_id`,`teacher_name`,`class_date`,`class_time`,`class_week`,`teacher_no_time`) VALUES (315,'敖继红','2015-05-13','17:00-17:30','周三',0) [ RunTime:0.098006s ]
SQL: INSERT INTO `linshi_course_time` (`teacher_id`,`teacher_name`,`class_date`,`class_time`,`class_week`,`teacher_no_time`) VALUES (315,'敖继红','2015-05-13','17:30-18:00','周三',0) [ RunTime:0.099005s ]
SQL: INSERT INTO `linshi_course_time` (`teacher_id`,`teacher_name`,`class_date`,`class_time`,`class_week`,`teacher_no_time`) VALUES (315,'敖继红','2015-05-13','18:00-18:30','周三',0) [ RunTime:0.081005s ]
SQL: INSERT INTO `linshi_course_time` (`teacher_id`,`teacher_name`,`class_date`,`class_time`,`class_week`,`teacher_no_time`) VALUES (315,'敖继红','2015-05-13','18:30-19:00','周三',0) [ RunTime:0.088005s ]
SQL: INSERT INTO `linshi_course_time` (`teacher_id`,`teacher_name`,`class_date`,`class_time`,`class_week`,`teacher_no_time`) VALUES (315,'敖继红','2015-05-13','19:00-19:30','周三',0) [ RunTime:0.121007s ]
SQL: INSERT INTO `linshi_course_time` (`teacher_id`,`teacher_name`,`class_date`,`class_time`,`class_week`,`teacher_no_time`) VALUES (315,'敖继红','2015-05-13','19:30-20:00','周三',0) [ RunTime:0.116007s ]
SQL: INSERT INTO `linshi_course_time` (`teacher_id`,`teacher_name`,`class_date`,`class_time`,`class_week`,`teacher_no_time`) VALUES (315,'敖继红','2015-05-13','20:00-20:30','周三',0) [ RunTime:0.099006s ]
SQL: INSERT INTO `linshi_course_time` (`teacher_id`,`teacher_name`,`class_date`,`class_time`,`class_week`,`teacher_no_time`) VALUES (315,'敖继红','2015-05-13','20:30-21:00','周三',0) [ RunTime:0.222012s ]
SQL: INSERT INTO `linshi_course_time` (`teacher_id`,`teacher_name`,`class_date`,`class_time`,`class_week`,`teacher_no_time`) VALUES (315,'敖继红','2015-05-13','21:00-21:30','周三',0) [ RunTime:0.110007s ]
SQL: INSERT INTO `linshi_course_time` (`teacher_id`,`teacher_name`,`class_date`,`class_time`,`class_week`,`teacher_no_time`) VALUES (315,'敖继红','2015-05-13','21:30-22:00','周三',0) [ RunTime:0.093005s ]

[ 2015-05-31T11:57:17+08:00 ] 127.0.0.1 /index.php?s=/admin/teacher/teacherlist/grid/datagrid.html
INFO: [ app_begin ] --START--
INFO: Run Behavior\ReadHtmlCacheBehavior [ RunTime:0.000000s ]
SQL: SHOW COLUMNS FROM `linshi_setting` [ RunTime:0.176010s ]
SQL: SELECT `key`,`value` FROM `linshi_setting`  [ RunTime:0.000000s ]
NOTIC: [2] unlink(D:\wamp\www\houtai\Public\Runtime\Temp/71df8fced343b2a8ba67c00a47a67b50.php): No such file or directory D:\wamp\www\houtai\Libs\ThinkPHP\Library\Think\Cache\Driver\File.class.php 第 157 行.
INFO: Run \Common\Behavior\SettingBehavior [ RunTime:0.257014s ]
INFO: [ app_begin ] --END-- [ RunTime:0.260015s ]
SQL: SHOW COLUMNS FROM `linshi_teachers` [ RunTime:0.005000s ]
SQL: SELECT COUNT(*) AS tp_count FROM `linshi_teachers` LIMIT 1   [ RunTime:0.000000s ]
SQL: SELECT `teacher_name`,`sex`,`teaching_age`,`certification_flag`,`education_flag`,`teacher_certification_flag`,`discipline`,`grade`,`course_category`,`sort_num`,`recommand_flag`,`raw_add_time`,`display`,`teacher_id`,`teacher_id` as teacher_ids FROM `linshi_teachers` ORDER BY teacher_id asc LIMIT 0,20   [ RunTime:0.001000s ]

