[ 2015-05-27T21:13:03+08:00 ] 127.0.0.1 /index.php?m=admin&c=index&a=login&dosubmit=1
INFO: [ app_begin ] --START--
INFO: Run Behavior\ReadHtmlCacheBehavior [ RunTime:0.000000s ]
SQL: SHOW COLUMNS FROM `linshi_setting` [ RunTime:0.004000s ]
SQL: SELECT `key`,`value` FROM `linshi_setting`  [ RunTime:0.001000s ]
NOTIC: [2] unlink(D:\wamp\www\houtai\Public\Runtime\Temp/71df8fced343b2a8ba67c00a47a67b50.php): No such file or directory D:\wamp\www\houtai\Libs\ThinkPHP\Library\Think\Cache\Driver\File.class.php 第 157 行.
INFO: Run \Common\Behavior\SettingBehavior [ RunTime:0.014001s ]
INFO: [ app_begin ] --END-- [ RunTime:0.015001s ]
SQL: SHOW COLUMNS FROM `linshi_admin` [ RunTime:0.090005s ]

[ 2015-05-27T21:13:12+08:00 ] 127.0.0.1 /index.php?m=admin&c=index&a=login&dosubmit=1
INFO: [ app_begin ] --START--
INFO: Run Behavior\ReadHtmlCacheBehavior [ RunTime:0.000000s ]
SQL: SHOW COLUMNS FROM `linshi_setting` [ RunTime:0.017001s ]
SQL: SELECT `key`,`value` FROM `linshi_setting`  [ RunTime:0.000000s ]
NOTIC: [2] unlink(D:\wamp\www\houtai\Public\Runtime\Temp/71df8fced343b2a8ba67c00a47a67b50.php): No such file or directory D:\wamp\www\houtai\Libs\ThinkPHP\Library\Think\Cache\Driver\File.class.php 第 157 行.
INFO: Run \Common\Behavior\SettingBehavior [ RunTime:0.117007s ]
INFO: [ app_begin ] --END-- [ RunTime:0.118007s ]
SQL: SHOW COLUMNS FROM `linshi_admin` [ RunTime:0.005000s ]

[ 2015-05-27T21:13:29+08:00 ] 127.0.0.1 /index.php?m=admin&c=index&a=login&dosubmit=1
INFO: [ app_begin ] --START--
INFO: Run Behavior\ReadHtmlCacheBehavior [ RunTime:0.001000s ]
SQL: SHOW COLUMNS FROM `linshi_setting` [ RunTime:0.051003s ]
SQL: SELECT `key`,`value` FROM `linshi_setting`  [ RunTime:0.000000s ]
NOTIC: [2] unlink(D:\wamp\www\houtai\Public\Runtime\Temp/71df8fced343b2a8ba67c00a47a67b50.php): No such file or directory D:\wamp\www\houtai\Libs\ThinkPHP\Library\Think\Cache\Driver\File.class.php 第 157 行.
INFO: Run \Common\Behavior\SettingBehavior [ RunTime:0.063004s ]
INFO: [ app_begin ] --END-- [ RunTime:0.064004s ]
SQL: SHOW COLUMNS FROM `linshi_admin` [ RunTime:0.004000s ]
SQL: SHOW COLUMNS FROM `linshi_times` [ RunTime:0.058004s ]
SQL: SELECT * FROM `linshi_admin` WHERE ( `username` = 'admin' ) LIMIT 1   [ RunTime:0.106006s ]
SQL: SELECT * FROM `linshi_times` WHERE ( `username` = 'admin' ) AND ( `isadmin` = 1 ) LIMIT 1   [ RunTime:0.001000s ]
SQL: DELETE FROM `linshi_times` WHERE ( `username` = 'admin' ) AND ( `isadmin` = 1 ) [ RunTime:0.008000s ]
NOTIC: [8] Use of undefined constant SYS_TIME - assumed 'SYS_TIME' D:\wamp\www\houtai\App\Admin\Model\AdminModel.class.php 第 44 行.
SQL: INSERT INTO `linshi_times` (`username`,`ip`,`isadmin`,`logintime`,`times`) VALUES ('admin','127.0.0.1',1,0,1) [ RunTime:0.002000s ]

[ 2015-05-27T21:13:44+08:00 ] 127.0.0.1 /index.php?m=admin&c=index&a=login&dosubmit=1
INFO: [ app_begin ] --START--
INFO: Run Behavior\ReadHtmlCacheBehavior [ RunTime:0.001000s ]
SQL: SHOW COLUMNS FROM `linshi_setting` [ RunTime:0.004000s ]
SQL: SELECT `key`,`value` FROM `linshi_setting`  [ RunTime:0.001000s ]
NOTIC: [2] unlink(D:\wamp\www\houtai\Public\Runtime\Temp/71df8fced343b2a8ba67c00a47a67b50.php): No such file or directory D:\wamp\www\houtai\Libs\ThinkPHP\Library\Think\Cache\Driver\File.class.php 第 157 行.
INFO: Run \Common\Behavior\SettingBehavior [ RunTime:0.025001s ]
INFO: [ app_begin ] --END-- [ RunTime:0.028001s ]
SQL: SHOW COLUMNS FROM `linshi_admin` [ RunTime:0.006000s ]

[ 2015-05-27T21:13:49+08:00 ] 127.0.0.1 /index.php?m=admin&c=index&a=login&dosubmit=1
INFO: [ app_begin ] --START--
INFO: Run Behavior\ReadHtmlCacheBehavior [ RunTime:0.001000s ]
SQL: SHOW COLUMNS FROM `linshi_setting` [ RunTime:0.019001s ]
SQL: SELECT `key`,`value` FROM `linshi_setting`  [ RunTime:0.001000s ]
NOTIC: [2] unlink(D:\wamp\www\houtai\Public\Runtime\Temp/71df8fced343b2a8ba67c00a47a67b50.php): No such file or directory D:\wamp\www\houtai\Libs\ThinkPHP\Library\Think\Cache\Driver\File.class.php 第 157 行.
INFO: Run \Common\Behavior\SettingBehavior [ RunTime:0.039002s ]
INFO: [ app_begin ] --END-- [ RunTime:0.040002s ]
SQL: SHOW COLUMNS FROM `linshi_admin` [ RunTime:0.003000s ]

[ 2015-05-27T21:14:11+08:00 ] 127.0.0.1 /index.php?m=admin&c=index&a=login&dosubmit=1
INFO: [ app_begin ] --START--
INFO: Run Behavior\ReadHtmlCacheBehavior [ RunTime:0.000000s ]
SQL: SHOW COLUMNS FROM `linshi_setting` [ RunTime:0.020001s ]
SQL: SELECT `key`,`value` FROM `linshi_setting`  [ RunTime:0.001000s ]
NOTIC: [2] unlink(D:\wamp\www\houtai\Public\Runtime\Temp/71df8fced343b2a8ba67c00a47a67b50.php): No such file or directory D:\wamp\www\houtai\Libs\ThinkPHP\Library\Think\Cache\Driver\File.class.php 第 157 行.
INFO: Run \Common\Behavior\SettingBehavior [ RunTime:0.038002s ]
INFO: [ app_begin ] --END-- [ RunTime:0.039002s ]
SQL: SHOW COLUMNS FROM `linshi_admin` [ RunTime:0.005000s ]
SQL: SHOW COLUMNS FROM `linshi_times` [ RunTime:0.005001s ]
SQL: SELECT * FROM `linshi_admin` WHERE ( `username` = 'admin' ) LIMIT 1   [ RunTime:0.001000s ]
SQL: SELECT * FROM `linshi_times` WHERE ( `username` = 'admin' ) AND ( `isadmin` = 1 ) LIMIT 1   [ RunTime:0.001000s ]
SQL: UPDATE `linshi_times` SET `ip`='127.0.0.1',`isadmin`=1 WHERE ( `username` = 'admin' ) [ RunTime:0.040002s ]
SQL: UPDATE `linshi_times` SET `times`=times+1 WHERE ( `username` = 'admin' ) [ RunTime:0.036002s ]

[ 2015-05-27T21:14:21+08:00 ] 127.0.0.1 /index.php?m=admin&c=index&a=login&dosubmit=1
INFO: [ app_begin ] --START--
INFO: Run Behavior\ReadHtmlCacheBehavior [ RunTime:0.001000s ]
SQL: SHOW COLUMNS FROM `linshi_setting` [ RunTime:0.021001s ]
SQL: SELECT `key`,`value` FROM `linshi_setting`  [ RunTime:0.000000s ]
NOTIC: [2] unlink(D:\wamp\www\houtai\Public\Runtime\Temp/71df8fced343b2a8ba67c00a47a67b50.php): No such file or directory D:\wamp\www\houtai\Libs\ThinkPHP\Library\Think\Cache\Driver\File.class.php 第 157 行.
INFO: Run \Common\Behavior\SettingBehavior [ RunTime:0.041002s ]
INFO: [ app_begin ] --END-- [ RunTime:0.043002s ]
SQL: SHOW COLUMNS FROM `linshi_admin` [ RunTime:0.004000s ]
SQL: SHOW COLUMNS FROM `linshi_times` [ RunTime:0.003000s ]
SQL: SELECT * FROM `linshi_admin` WHERE ( `username` = 'admin' ) LIMIT 1   [ RunTime:0.001000s ]
SQL: SELECT * FROM `linshi_times` WHERE ( `username` = 'admin' ) AND ( `isadmin` = 1 ) LIMIT 1   [ RunTime:0.000000s ]
SQL: DELETE FROM `linshi_times` WHERE ( `username` = 'admin' ) [ RunTime:0.000000s ]
SQL: UPDATE `linshi_admin` SET `lastloginip`='127.0.0.1',`lastlogintime`=1432732461 WHERE ( `userid` = 1 ) [ RunTime:0.001000s ]

[ 2015-05-27T21:14:30+08:00 ] 127.0.0.1 /index.php?m=admin&c=index&a=public_main&_=1432732462852
INFO: [ app_begin ] --START--
INFO: Run Behavior\ReadHtmlCacheBehavior [ RunTime:0.000000s ]
SQL: SHOW COLUMNS FROM `linshi_setting` [ RunTime:0.037002s ]
SQL: SELECT `key`,`value` FROM `linshi_setting`  [ RunTime:0.000000s ]
NOTIC: [2] unlink(D:\wamp\www\houtai\Public\Runtime\Temp/71df8fced343b2a8ba67c00a47a67b50.php): No such file or directory D:\wamp\www\houtai\Libs\ThinkPHP\Library\Think\Cache\Driver\File.class.php 第 157 行.
INFO: Run \Common\Behavior\SettingBehavior [ RunTime:0.076004s ]
INFO: [ app_begin ] --END-- [ RunTime:0.077004s ]
SQL: SHOW COLUMNS FROM `linshi_admin` [ RunTime:0.004000s ]
SQL: SHOW COLUMNS FROM `linshi_admin_role` [ RunTime:0.004001s ]
SQL: SELECT `userid`,`username`,`roleid`,`encrypt`,`lastloginip`,`lastlogintime`,`email`,`realname` FROM `linshi_admin` WHERE ( `userid` = 1 ) LIMIT 1   [ RunTime:0.000000s ]
SQL: SELECT `rolename` FROM `linshi_admin_role` WHERE ( `roleid` = 1 ) LIMIT 1   [ RunTime:0.000000s ]
NOTIC: [2048] Non-static method Admin\Common\Sysinfo::getinfo() should not be called statically, assuming $this from incompatible context D:\wamp\www\houtai\App\Admin\Controller\IndexController.class.php 第 115 行.
NOTIC: [2048] Non-static method Admin\Common\Sysinfo::sys_windows() should not be called statically, assuming $this from incompatible context D:\wamp\www\houtai\App\Admin\Common\Sysinfo.class.php 第 19 行.
NOTIC: [2048] Non-static method Admin\Common\Sysinfo::GetWMI() should not be called statically, assuming $this from incompatible context D:\wamp\www\houtai\App\Admin\Common\Sysinfo.class.php 第 250 行.
NOTIC: [2] reset() expects parameter 1 to be array, object given D:\wamp\www\houtai\App\Admin\Common\Sysinfo.class.php 第 300 行.
NOTIC: [2048] Non-static method Admin\Common\Sysinfo::GetWMI() should not be called statically, assuming $this from incompatible context D:\wamp\www\houtai\App\Admin\Common\Sysinfo.class.php 第 262 行.
NOTIC: [2] reset() expects parameter 1 to be array, object given D:\wamp\www\houtai\App\Admin\Common\Sysinfo.class.php 第 300 行.
NOTIC: [2048] Non-static method Admin\Common\Sysinfo::GetWMI() should not be called statically, assuming $this from incompatible context D:\wamp\www\houtai\App\Admin\Common\Sysinfo.class.php 第 285 行.
NOTIC: [2] reset() expects parameter 1 to be array, object given D:\wamp\www\houtai\App\Admin\Common\Sysinfo.class.php 第 300 行.
NOTIC: [2048] Non-static method Admin\Common\Sysinfo::GetWMI() should not be called statically, assuming $this from incompatible context D:\wamp\www\houtai\App\Admin\Common\Sysinfo.class.php 第 288 行.
NOTIC: [2] reset() expects parameter 1 to be array, object given D:\wamp\www\houtai\App\Admin\Common\Sysinfo.class.php 第 300 行.
NOTIC: [8] Undefined index: memCached D:\wamp\www\houtai\App\Admin\Common\Sysinfo.class.php 第 25 行.
NOTIC: [8] Undefined index: memRealPercent D:\wamp\www\houtai\App\Admin\Common\Sysinfo.class.php 第 25 行.
NOTIC: [8] Undefined index: memCachedPercent D:\wamp\www\houtai\App\Admin\Common\Sysinfo.class.php 第 25 行.
NOTIC: [8] Undefined index: swapTotal D:\wamp\www\houtai\App\Admin\Common\Sysinfo.class.php 第 25 行.
NOTIC: [8] Undefined index: swapUsed D:\wamp\www\houtai\App\Admin\Common\Sysinfo.class.php 第 25 行.
NOTIC: [8] Undefined index: swapFree D:\wamp\www\houtai\App\Admin\Common\Sysinfo.class.php 第 25 行.
NOTIC: [8] Undefined index: swapPercent D:\wamp\www\houtai\App\Admin\Common\Sysinfo.class.php 第 25 行.
NOTIC: [2] file(/proc/net/dev): failed to open stream: No such file or directory D:\wamp\www\houtai\App\Admin\Common\Sysinfo.class.php 第 33 行.
NOTIC: [8] Undefined index: memBuffers D:\wamp\www\houtai\App\Admin\Common\Sysinfo.class.php 第 68 行.
NOTIC: [8] Undefined index: memRealUsed D:\wamp\www\houtai\App\Admin\Common\Sysinfo.class.php 第 73 行.
NOTIC: [8] Undefined index: memRealFree D:\wamp\www\houtai\App\Admin\Common\Sysinfo.class.php 第 74 行.
NOTIC: [8] Undefined offset: 2 D:\wamp\www\houtai\App\Admin\Common\Sysinfo.class.php 第 82 行.
NOTIC: [8] Undefined offset: 3 D:\wamp\www\houtai\App\Admin\Common\Sysinfo.class.php 第 83 行.
NOTIC: [8] Undefined offset: 4 D:\wamp\www\houtai\App\Admin\Common\Sysinfo.class.php 第 84 行.
NOTIC: [8] Undefined offset: 5 D:\wamp\www\houtai\App\Admin\Common\Sysinfo.class.php 第 85 行.
NOTIC: [8] Undefined offset: 6 D:\wamp\www\houtai\App\Admin\Common\Sysinfo.class.php 第 86 行.
NOTIC: [8] Undefined offset: 7 D:\wamp\www\houtai\App\Admin\Common\Sysinfo.class.php 第 87 行.
NOTIC: [8] Undefined offset: 8 D:\wamp\www\houtai\App\Admin\Common\Sysinfo.class.php 第 88 行.
NOTIC: [8] Undefined offset: 9 D:\wamp\www\houtai\App\Admin\Common\Sysinfo.class.php 第 89 行.
NOTIC: [8] Undefined offset: 10 D:\wamp\www\houtai\App\Admin\Common\Sysinfo.class.php 第 90 行.
NOTIC: [8] Undefined variable: NetInput D:\wamp\www\houtai\App\Admin\Common\Sysinfo.class.php 第 91 行.
NOTIC: [8] Undefined variable: NetInput D:\wamp\www\houtai\App\Admin\Common\Sysinfo.class.php 第 92 行.
NOTIC: [8] Undefined variable: NetInput D:\wamp\www\houtai\App\Admin\Common\Sysinfo.class.php 第 93 行.
NOTIC: [8] Undefined variable: NetInput D:\wamp\www\houtai\App\Admin\Common\Sysinfo.class.php 第 94 行.
NOTIC: [8] Undefined variable: NetInput D:\wamp\www\houtai\App\Admin\Common\Sysinfo.class.php 第 95 行.
NOTIC: [8] Undefined variable: NetInput D:\wamp\www\houtai\App\Admin\Common\Sysinfo.class.php 第 96 行.
NOTIC: [8] Undefined variable: NetInput D:\wamp\www\houtai\App\Admin\Common\Sysinfo.class.php 第 97 行.
NOTIC: [8] Undefined variable: NetInput D:\wamp\www\houtai\App\Admin\Common\Sysinfo.class.php 第 98 行.
NOTIC: [8] Undefined variable: NetInput D:\wamp\www\houtai\App\Admin\Common\Sysinfo.class.php 第 99 行.
NOTIC: [2] file(/proc/net/dev): failed to open stream: No such file or directory D:\wamp\www\houtai\App\Admin\Controller\IndexController.class.php 第 119 行.
INFO: [ view_parse ] --START--
INFO: [ template_filter ] --START--
INFO: Run Behavior\ContentReplaceBehavior [ RunTime:0.000000s ]
INFO: [ template_filter ] --END-- [ RunTime:0.000000s ]
INFO: Run Behavior\ParseTemplateBehavior [ RunTime:0.040002s ]
INFO: [ view_parse ] --END-- [ RunTime:0.041002s ]
INFO: [ view_filter ] --START--
INFO: Run Behavior\WriteHtmlCacheBehavior [ RunTime:0.004000s ]
INFO: [ view_filter ] --END-- [ RunTime:0.004000s ]
INFO: [ app_end ] --START--
INFO: Run Behavior\ShowPageTraceBehavior [ RunTime:0.002000s ]
INFO: [ app_end ] --END-- [ RunTime:0.002000s ]

[ 2015-05-27T21:14:30+08:00 ] 127.0.0.1 /index.php?m=admin&c=index&a=public_menuleft
INFO: [ app_begin ] --START--
INFO: Run Behavior\ReadHtmlCacheBehavior [ RunTime:0.001000s ]
SQL: SHOW COLUMNS FROM `linshi_setting` [ RunTime:0.044002s ]
SQL: SELECT `key`,`value` FROM `linshi_setting`  [ RunTime:0.000000s ]
NOTIC: [2] unlink(D:\wamp\www\houtai\Public\Runtime\Temp/71df8fced343b2a8ba67c00a47a67b50.php): No such file or directory D:\wamp\www\houtai\Libs\ThinkPHP\Library\Think\Cache\Driver\File.class.php 第 157 行.
INFO: Run \Common\Behavior\SettingBehavior [ RunTime:0.067003s ]
INFO: [ app_begin ] --END-- [ RunTime:0.069004s ]
SQL: SHOW COLUMNS FROM `linshi_menu` [ RunTime:0.029001s ]
SQL: SELECT * FROM `linshi_menu` WHERE ( `parentid` = 1 ) AND ( `display` = 1 ) ORDER BY listorder ASC LIMIT 1000   [ RunTime:0.001000s ]
SQL: SELECT * FROM `linshi_menu` WHERE ( `parentid` = 6 ) AND ( `display` = 1 ) ORDER BY listorder ASC LIMIT 1000   [ RunTime:0.001000s ]

[ 2015-05-27T21:14:30+08:00 ] 127.0.0.1 /index.php?m=admin&c=index&a=public_menuleft
INFO: [ app_begin ] --START--
INFO: Run Behavior\ReadHtmlCacheBehavior [ RunTime:0.001000s ]
SQL: SHOW COLUMNS FROM `linshi_setting` [ RunTime:0.004001s ]
SQL: SELECT `key`,`value` FROM `linshi_setting`  [ RunTime:0.000000s ]
NOTIC: [2] unlink(D:\wamp\www\houtai\Public\Runtime\Temp/71df8fced343b2a8ba67c00a47a67b50.php): No such file or directory D:\wamp\www\houtai\Libs\ThinkPHP\Library\Think\Cache\Driver\File.class.php 第 157 行.
INFO: Run \Common\Behavior\SettingBehavior [ RunTime:0.014001s ]
INFO: [ app_begin ] --END-- [ RunTime:0.015001s ]
SQL: SHOW COLUMNS FROM `linshi_menu` [ RunTime:0.005000s ]
SQL: SELECT * FROM `linshi_menu` WHERE ( `parentid` = 3 ) AND ( `display` = 1 ) ORDER BY listorder ASC LIMIT 1000   [ RunTime:0.000000s ]
SQL: SELECT * FROM `linshi_menu` WHERE ( `parentid` = 34 ) AND ( `display` = 1 ) ORDER BY listorder ASC LIMIT 1000   [ RunTime:0.001001s ]

[ 2015-05-27T21:14:30+08:00 ] 127.0.0.1 /index.php?m=admin&c=index&a=public_menuleft
INFO: [ app_begin ] --START--
INFO: Run Behavior\ReadHtmlCacheBehavior [ RunTime:0.001000s ]
SQL: SHOW COLUMNS FROM `linshi_setting` [ RunTime:0.003000s ]
SQL: SELECT `key`,`value` FROM `linshi_setting`  [ RunTime:0.000000s ]
NOTIC: [2] unlink(D:\wamp\www\houtai\Public\Runtime\Temp/71df8fced343b2a8ba67c00a47a67b50.php): No such file or directory D:\wamp\www\houtai\Libs\ThinkPHP\Library\Think\Cache\Driver\File.class.php 第 157 行.
INFO: Run \Common\Behavior\SettingBehavior [ RunTime:0.030002s ]
INFO: [ app_begin ] --END-- [ RunTime:0.031002s ]
SQL: SHOW COLUMNS FROM `linshi_menu` [ RunTime:0.004000s ]
SQL: SELECT * FROM `linshi_menu` WHERE ( `parentid` = 47 ) AND ( `display` = 1 ) ORDER BY listorder ASC LIMIT 1000   [ RunTime:0.001000s ]
SQL: SELECT * FROM `linshi_menu` WHERE ( `parentid` = 48 ) AND ( `display` = 1 ) ORDER BY listorder ASC LIMIT 1000   [ RunTime:0.000000s ]

[ 2015-05-27T21:14:30+08:00 ] 127.0.0.1 /index.php?m=admin&c=index&a=public_menuleft
INFO: [ app_begin ] --START--
INFO: Run Behavior\ReadHtmlCacheBehavior [ RunTime:0.000000s ]
SQL: SHOW COLUMNS FROM `linshi_setting` [ RunTime:0.004000s ]
SQL: SELECT `key`,`value` FROM `linshi_setting`  [ RunTime:0.000000s ]
NOTIC: [2] unlink(D:\wamp\www\houtai\Public\Runtime\Temp/71df8fced343b2a8ba67c00a47a67b50.php): No such file or directory D:\wamp\www\houtai\Libs\ThinkPHP\Library\Think\Cache\Driver\File.class.php 第 157 行.
INFO: Run \Common\Behavior\SettingBehavior [ RunTime:0.014001s ]
INFO: [ app_begin ] --END-- [ RunTime:0.015001s ]
SQL: SHOW COLUMNS FROM `linshi_menu` [ RunTime:0.005000s ]
SQL: SELECT * FROM `linshi_menu` WHERE ( `parentid` = 4 ) AND ( `display` = 1 ) ORDER BY listorder ASC LIMIT 1000   [ RunTime:0.000000s ]
SQL: SELECT * FROM `linshi_menu` WHERE ( `parentid` = 42 ) AND ( `display` = 1 ) ORDER BY listorder ASC LIMIT 1000   [ RunTime:0.001000s ]

[ 2015-05-27T21:14:32+08:00 ] 127.0.0.1 /index.php?m=admin&c=teacher&a=teacherlist&menuid=45&_=1432732472636
INFO: [ app_begin ] --START--
INFO: Run Behavior\ReadHtmlCacheBehavior [ RunTime:0.001000s ]
SQL: SHOW COLUMNS FROM `linshi_setting` [ RunTime:0.004000s ]
SQL: SELECT `key`,`value` FROM `linshi_setting`  [ RunTime:0.000000s ]
NOTIC: [2] unlink(D:\wamp\www\houtai\Public\Runtime\Temp/71df8fced343b2a8ba67c00a47a67b50.php): No such file or directory D:\wamp\www\houtai\Libs\ThinkPHP\Library\Think\Cache\Driver\File.class.php 第 157 行.
INFO: Run \Common\Behavior\SettingBehavior [ RunTime:0.091005s ]
INFO: [ app_begin ] --END-- [ RunTime:0.092005s ]
SQL: SHOW COLUMNS FROM `linshi_menu` [ RunTime:0.004000s ]
SQL: SELECT * FROM `linshi_menu` WHERE ( `id` = 45 ) LIMIT 1   [ RunTime:0.000000s ]
SQL: SELECT * FROM `linshi_menu` WHERE ( `id` = 42 ) LIMIT 1   [ RunTime:0.000000s ]
SQL: SELECT * FROM `linshi_menu` WHERE ( `id` = 4 ) LIMIT 1   [ RunTime:0.000000s ]
INFO: [ view_parse ] --START--
INFO: [ template_filter ] --START--
INFO: Run Behavior\ContentReplaceBehavior [ RunTime:0.000000s ]
INFO: [ template_filter ] --END-- [ RunTime:0.000000s ]
INFO: Run Behavior\ParseTemplateBehavior [ RunTime:0.055003s ]
INFO: [ view_parse ] --END-- [ RunTime:0.055003s ]
INFO: [ view_filter ] --START--
INFO: Run Behavior\WriteHtmlCacheBehavior [ RunTime:0.000000s ]
INFO: [ view_filter ] --END-- [ RunTime:0.000000s ]
INFO: [ app_end ] --START--
INFO: Run Behavior\ShowPageTraceBehavior [ RunTime:0.001001s ]
INFO: [ app_end ] --END-- [ RunTime:0.001001s ]

[ 2015-05-27T21:14:34+08:00 ] 127.0.0.1 /index.php?m=admin&c=teacher&a=teacherlist&grid=datagrid
INFO: [ app_begin ] --START--
INFO: Run Behavior\ReadHtmlCacheBehavior [ RunTime:0.001000s ]
SQL: SHOW COLUMNS FROM `linshi_setting` [ RunTime:0.005000s ]
SQL: SELECT `key`,`value` FROM `linshi_setting`  [ RunTime:0.000000s ]
NOTIC: [2] unlink(D:\wamp\www\houtai\Public\Runtime\Temp/71df8fced343b2a8ba67c00a47a67b50.php): No such file or directory D:\wamp\www\houtai\Libs\ThinkPHP\Library\Think\Cache\Driver\File.class.php 第 157 行.
INFO: Run \Common\Behavior\SettingBehavior [ RunTime:0.016001s ]
INFO: [ app_begin ] --END-- [ RunTime:0.017001s ]
SQL: SHOW COLUMNS FROM `linshi_teachers` [ RunTime:1.313075s ]
SQL: SELECT COUNT(*) AS tp_count FROM `linshi_teachers` LIMIT 1   [ RunTime:0.001000s ]
SQL: SHOW COLUMNS FROM `linshi_member_info` [ RunTime:0.112007s ]
SQL: SELECT AR.teacher_id,AR.teacher_name,AR.teaching_age,AR.certification_flag,AR.education_flag,AR.teacher_certification_flag,AR.discipline,AR.grade,AR.course_category,AR.sort_num,AR.recommand_flag,A.raw_add_time FROM linshi_member_info A INNER JOIN linshi_teachers AR on AR.member_id = A.member_id  ORDER BY teacher_id asc LIMIT 0,20   [ RunTime:0.074004s ]

[ 2015-05-27T21:14:38+08:00 ] 127.0.0.1 /index.php?m=admin&c=teacher&a=teacheredit&id=3&_=1432732477851
INFO: [ app_begin ] --START--
INFO: Run Behavior\ReadHtmlCacheBehavior [ RunTime:0.001000s ]
SQL: SHOW COLUMNS FROM `linshi_setting` [ RunTime:0.003000s ]
SQL: SELECT `key`,`value` FROM `linshi_setting`  [ RunTime:0.000000s ]
NOTIC: [2] unlink(D:\wamp\www\houtai\Public\Runtime\Temp/71df8fced343b2a8ba67c00a47a67b50.php): No such file or directory D:\wamp\www\houtai\Libs\ThinkPHP\Library\Think\Cache\Driver\File.class.php 第 157 行.
INFO: Run \Common\Behavior\SettingBehavior [ RunTime:0.042003s ]
INFO: [ app_begin ] --END-- [ RunTime:0.043003s ]
SQL: SHOW COLUMNS FROM `linshi_teachers` [ RunTime:0.011001s ]
SQL: SELECT * FROM `linshi_teachers` WHERE ( `teacher_id` = 3 ) LIMIT 1   [ RunTime:0.002000s ]
INFO: [ view_parse ] --START--
INFO: [ template_filter ] --START--
INFO: Run Behavior\ContentReplaceBehavior [ RunTime:0.000000s ]
INFO: [ template_filter ] --END-- [ RunTime:0.000000s ]
NOTIC: [8] Undefined index: email D:\wamp\www\houtai\Public\Runtime\Cache\Admin\b6a77b1e423ae4c4643be5c9e026b741.php 第 9 行.
NOTIC: [8] Undefined index: userid D:\wamp\www\houtai\Public\Runtime\Cache\Admin\b6a77b1e423ae4c4643be5c9e026b741.php 第 23 行.
INFO: Run Behavior\ParseTemplateBehavior [ RunTime:0.147008s ]
INFO: [ view_parse ] --END-- [ RunTime:0.147008s ]
INFO: [ view_filter ] --START--
INFO: Run Behavior\WriteHtmlCacheBehavior [ RunTime:0.001000s ]
INFO: [ view_filter ] --END-- [ RunTime:0.001000s ]
INFO: [ app_end ] --START--
INFO: Run Behavior\ShowPageTraceBehavior [ RunTime:0.001000s ]
INFO: [ app_end ] --END-- [ RunTime:0.001000s ]

