[ 2015-06-10T17:20:22+08:00 ] 127.0.0.1 /index.php?s=/admin/ad/adlist/menuid/61.html&_=1433928022075
INFO: [ app_begin ] --START--
INFO: Run Behavior\ReadHtmlCacheBehavior [ RunTime:0.001000s ]
SQL: SHOW COLUMNS FROM `linshi_setting` [ RunTime:0.001000s ]
SQL: SELECT `key`,`value` FROM `linshi_setting`  [ RunTime:0.000000s ]
NOTIC: [2] unlink(D:\wamp\www\houtai\Public\Runtime\Temp/71df8fced343b2a8ba67c00a47a67b50.php): No such file or directory D:\wamp\www\houtai\Libs\ThinkPHP\Library\Think\Cache\Driver\File.class.php 第 157 行.
INFO: Run \Common\Behavior\SettingBehavior [ RunTime:0.024002s ]
INFO: [ app_begin ] --END-- [ RunTime:0.026002s ]
SQL: SHOW COLUMNS FROM `linshi_menu` [ RunTime:0.002000s ]
SQL: SELECT * FROM `linshi_menu` WHERE ( `id` = 61 ) LIMIT 1   [ RunTime:0.001000s ]
SQL: SELECT * FROM `linshi_menu` WHERE ( `id` = 62 ) LIMIT 1   [ RunTime:0.000000s ]
SQL: SELECT * FROM `linshi_menu` WHERE ( `id` = 59 ) LIMIT 1   [ RunTime:0.000000s ]
INFO: [ view_parse ] --START--
INFO: [ template_filter ] --START--
INFO: Run Behavior\ContentReplaceBehavior [ RunTime:0.001000s ]
INFO: [ template_filter ] --END-- [ RunTime:0.001000s ]
INFO: Run Behavior\ParseTemplateBehavior [ RunTime:0.008001s ]
INFO: [ view_parse ] --END-- [ RunTime:0.008001s ]
INFO: [ view_filter ] --START--
INFO: Run Behavior\WriteHtmlCacheBehavior [ RunTime:0.001000s ]
INFO: [ view_filter ] --END-- [ RunTime:0.001000s ]
INFO: [ app_end ] --START--
INFO: Run Behavior\ShowPageTraceBehavior [ RunTime:0.000000s ]
INFO: [ app_end ] --END-- [ RunTime:0.000000s ]

[ 2015-06-10T17:20:22+08:00 ] 127.0.0.1 /index.php?s=/admin/ad/adlist/grid/datagrid.html
INFO: [ app_begin ] --START--
INFO: Run Behavior\ReadHtmlCacheBehavior [ RunTime:0.000000s ]
SQL: SHOW COLUMNS FROM `linshi_setting` [ RunTime:0.002000s ]
SQL: SELECT `key`,`value` FROM `linshi_setting`  [ RunTime:0.001000s ]
NOTIC: [2] unlink(D:\wamp\www\houtai\Public\Runtime\Temp/71df8fced343b2a8ba67c00a47a67b50.php): No such file or directory D:\wamp\www\houtai\Libs\ThinkPHP\Library\Think\Cache\Driver\File.class.php 第 157 行.
INFO: Run \Common\Behavior\SettingBehavior [ RunTime:0.009001s ]
INFO: [ app_begin ] --END-- [ RunTime:0.009001s ]
SQL: SHOW COLUMNS FROM `linshi_ad` [ RunTime:0.003000s ]
SQL: SELECT COUNT(*) AS tp_count FROM `linshi_ad` LIMIT 1   [ RunTime:0.000000s ]
SQL: SELECT `ad_id`,`ad_id` as ad_ids,`pic`,`type`,`postion_id`,`postion`,`title`,`url` FROM `linshi_ad` ORDER BY ad_id asc LIMIT 0,20   [ RunTime:0.001000s ]

[ 2015-06-10T17:20:35+08:00 ] 127.0.0.1 /index.php?s=/admin/ad/postionlist/menuid/60.html&_=1433928035884
INFO: [ app_begin ] --START--
INFO: Run Behavior\ReadHtmlCacheBehavior [ RunTime:0.001000s ]
SQL: SHOW COLUMNS FROM `linshi_setting` [ RunTime:0.002000s ]
SQL: SELECT `key`,`value` FROM `linshi_setting`  [ RunTime:0.000000s ]
NOTIC: [2] unlink(D:\wamp\www\houtai\Public\Runtime\Temp/71df8fced343b2a8ba67c00a47a67b50.php): No such file or directory D:\wamp\www\houtai\Libs\ThinkPHP\Library\Think\Cache\Driver\File.class.php 第 157 行.
INFO: Run \Common\Behavior\SettingBehavior [ RunTime:0.012000s ]
INFO: [ app_begin ] --END-- [ RunTime:0.013000s ]
SQL: SHOW COLUMNS FROM `linshi_menu` [ RunTime:0.001000s ]
SQL: SELECT * FROM `linshi_menu` WHERE ( `id` = 60 ) LIMIT 1   [ RunTime:0.000000s ]
SQL: SELECT * FROM `linshi_menu` WHERE ( `id` = 62 ) LIMIT 1   [ RunTime:0.000000s ]
SQL: SELECT * FROM `linshi_menu` WHERE ( `id` = 59 ) LIMIT 1   [ RunTime:0.000000s ]
INFO: [ view_parse ] --START--
INFO: [ template_filter ] --START--
INFO: Run Behavior\ContentReplaceBehavior [ RunTime:0.000000s ]
INFO: [ template_filter ] --END-- [ RunTime:0.000000s ]
INFO: Run Behavior\ParseTemplateBehavior [ RunTime:0.010000s ]
INFO: [ view_parse ] --END-- [ RunTime:0.011000s ]
INFO: [ view_filter ] --START--
INFO: Run Behavior\WriteHtmlCacheBehavior [ RunTime:0.000000s ]
INFO: [ view_filter ] --END-- [ RunTime:0.000000s ]
INFO: [ app_end ] --START--
INFO: Run Behavior\ShowPageTraceBehavior [ RunTime:0.001000s ]
INFO: [ app_end ] --END-- [ RunTime:0.001000s ]

[ 2015-06-10T17:20:36+08:00 ] 127.0.0.1 /index.php?s=/admin/ad/postionlist/grid/datagrid.html
INFO: [ app_begin ] --START--
INFO: Run Behavior\ReadHtmlCacheBehavior [ RunTime:0.000000s ]
SQL: SHOW COLUMNS FROM `linshi_setting` [ RunTime:0.002001s ]
SQL: SELECT `key`,`value` FROM `linshi_setting`  [ RunTime:0.000000s ]
NOTIC: [2] unlink(D:\wamp\www\houtai\Public\Runtime\Temp/71df8fced343b2a8ba67c00a47a67b50.php): No such file or directory D:\wamp\www\houtai\Libs\ThinkPHP\Library\Think\Cache\Driver\File.class.php 第 157 行.
INFO: Run \Common\Behavior\SettingBehavior [ RunTime:0.009001s ]
INFO: [ app_begin ] --END-- [ RunTime:0.009001s ]
SQL: SHOW COLUMNS FROM `linshi_ad_postion` [ RunTime:0.002000s ]
SQL: SELECT COUNT(*) AS tp_count FROM `linshi_ad_postion` LIMIT 1   [ RunTime:0.001000s ]
SQL: SELECT `postion_id`,`postion_id` as postion_ids,`postion`,`type` FROM `linshi_ad_postion` ORDER BY postion_id asc LIMIT 0,20   [ RunTime:0.000000s ]

[ 2015-06-10T17:20:37+08:00 ] 127.0.0.1 /index.php?s=/admin/ad/adlist/menuid/61.html&_=1433928036984
INFO: [ app_begin ] --START--
INFO: Run Behavior\ReadHtmlCacheBehavior [ RunTime:0.001000s ]
SQL: SHOW COLUMNS FROM `linshi_setting` [ RunTime:0.002000s ]
SQL: SELECT `key`,`value` FROM `linshi_setting`  [ RunTime:0.001000s ]
NOTIC: [2] unlink(D:\wamp\www\houtai\Public\Runtime\Temp/71df8fced343b2a8ba67c00a47a67b50.php): No such file or directory D:\wamp\www\houtai\Libs\ThinkPHP\Library\Think\Cache\Driver\File.class.php 第 157 行.
INFO: Run \Common\Behavior\SettingBehavior [ RunTime:0.024001s ]
INFO: [ app_begin ] --END-- [ RunTime:0.026001s ]
SQL: SHOW COLUMNS FROM `linshi_menu` [ RunTime:0.001000s ]
SQL: SELECT * FROM `linshi_menu` WHERE ( `id` = 61 ) LIMIT 1   [ RunTime:0.000000s ]
SQL: SELECT * FROM `linshi_menu` WHERE ( `id` = 62 ) LIMIT 1   [ RunTime:0.001000s ]
SQL: SELECT * FROM `linshi_menu` WHERE ( `id` = 59 ) LIMIT 1   [ RunTime:0.000000s ]
INFO: [ view_parse ] --START--
INFO: [ template_filter ] --START--
INFO: Run Behavior\ContentReplaceBehavior [ RunTime:0.000000s ]
INFO: [ template_filter ] --END-- [ RunTime:0.000000s ]
INFO: Run Behavior\ParseTemplateBehavior [ RunTime:0.010000s ]
INFO: [ view_parse ] --END-- [ RunTime:0.010000s ]
INFO: [ view_filter ] --START--
INFO: Run Behavior\WriteHtmlCacheBehavior [ RunTime:0.000000s ]
INFO: [ view_filter ] --END-- [ RunTime:0.000000s ]
INFO: [ app_end ] --START--
INFO: Run Behavior\ShowPageTraceBehavior [ RunTime:0.000000s ]
INFO: [ app_end ] --END-- [ RunTime:0.000000s ]

[ 2015-06-10T17:20:37+08:00 ] 127.0.0.1 /index.php?s=/admin/ad/adlist/grid/datagrid.html
INFO: [ app_begin ] --START--
INFO: Run Behavior\ReadHtmlCacheBehavior [ RunTime:0.000000s ]
SQL: SHOW COLUMNS FROM `linshi_setting` [ RunTime:0.001000s ]
SQL: SELECT `key`,`value` FROM `linshi_setting`  [ RunTime:0.000000s ]
NOTIC: [2] unlink(D:\wamp\www\houtai\Public\Runtime\Temp/71df8fced343b2a8ba67c00a47a67b50.php): No such file or directory D:\wamp\www\houtai\Libs\ThinkPHP\Library\Think\Cache\Driver\File.class.php 第 157 行.
INFO: Run \Common\Behavior\SettingBehavior [ RunTime:0.011001s ]
INFO: [ app_begin ] --END-- [ RunTime:0.012001s ]
SQL: SHOW COLUMNS FROM `linshi_ad` [ RunTime:0.001000s ]
SQL: SELECT COUNT(*) AS tp_count FROM `linshi_ad` LIMIT 1   [ RunTime:0.000000s ]
SQL: SELECT `ad_id`,`ad_id` as ad_ids,`pic`,`type`,`postion_id`,`postion`,`title`,`url` FROM `linshi_ad` ORDER BY ad_id asc LIMIT 0,20   [ RunTime:0.000000s ]

[ 2015-06-10T17:20:55+08:00 ] 127.0.0.1 /index.php?s=/admin/index/public_sessionlife.html
INFO: [ app_begin ] --START--
INFO: Run Behavior\ReadHtmlCacheBehavior [ RunTime:0.001000s ]
SQL: SHOW COLUMNS FROM `linshi_setting` [ RunTime:0.001000s ]
SQL: SELECT `key`,`value` FROM `linshi_setting`  [ RunTime:0.000000s ]
NOTIC: [2] unlink(D:\wamp\www\houtai\Public\Runtime\Temp/71df8fced343b2a8ba67c00a47a67b50.php): No such file or directory D:\wamp\www\houtai\Libs\ThinkPHP\Library\Think\Cache\Driver\File.class.php 第 157 行.
INFO: Run \Common\Behavior\SettingBehavior [ RunTime:0.011000s ]
INFO: [ app_begin ] --END-- [ RunTime:0.013000s ]
INFO: [ app_end ] --START--
INFO: Run Behavior\ShowPageTraceBehavior [ RunTime:0.001000s ]
INFO: [ app_end ] --END-- [ RunTime:0.001000s ]

[ 2015-06-10T17:23:02+08:00 ] 127.0.0.1 /index.php?s=/admin/index/public_sessionlife.html
INFO: [ app_begin ] --START--
INFO: Run Behavior\ReadHtmlCacheBehavior [ RunTime:0.000000s ]
SQL: SHOW COLUMNS FROM `linshi_setting` [ RunTime:0.026002s ]
SQL: SELECT `key`,`value` FROM `linshi_setting`  [ RunTime:0.000000s ]
NOTIC: [2] unlink(D:\wamp\www\houtai\Public\Runtime\Temp/71df8fced343b2a8ba67c00a47a67b50.php): No such file or directory D:\wamp\www\houtai\Libs\ThinkPHP\Library\Think\Cache\Driver\File.class.php 第 157 行.
INFO: Run \Common\Behavior\SettingBehavior [ RunTime:0.037002s ]
INFO: [ app_begin ] --END-- [ RunTime:0.038002s ]
INFO: [ app_end ] --START--
INFO: Run Behavior\ShowPageTraceBehavior [ RunTime:0.001000s ]
INFO: [ app_end ] --END-- [ RunTime:0.001000s ]

[ 2015-06-10T17:27:12+08:00 ] 127.0.0.1 /index.php?s=/admin/ad/postionlist/menuid/60.html&_=1433928432906
INFO: [ app_begin ] --START--
INFO: Run Behavior\ReadHtmlCacheBehavior [ RunTime:0.000000s ]
SQL: SHOW COLUMNS FROM `linshi_setting` [ RunTime:0.002000s ]
SQL: SELECT `key`,`value` FROM `linshi_setting`  [ RunTime:0.000000s ]
NOTIC: [2] unlink(D:\wamp\www\houtai\Public\Runtime\Temp/71df8fced343b2a8ba67c00a47a67b50.php): No such file or directory D:\wamp\www\houtai\Libs\ThinkPHP\Library\Think\Cache\Driver\File.class.php 第 157 行.
INFO: Run \Common\Behavior\SettingBehavior [ RunTime:0.019001s ]
INFO: [ app_begin ] --END-- [ RunTime:0.020001s ]
SQL: SHOW COLUMNS FROM `linshi_menu` [ RunTime:0.002000s ]
SQL: SELECT * FROM `linshi_menu` WHERE ( `id` = 60 ) LIMIT 1   [ RunTime:0.001000s ]
SQL: SELECT * FROM `linshi_menu` WHERE ( `id` = 62 ) LIMIT 1   [ RunTime:0.001000s ]
SQL: SELECT * FROM `linshi_menu` WHERE ( `id` = 59 ) LIMIT 1   [ RunTime:0.000000s ]
INFO: [ view_parse ] --START--
INFO: [ template_filter ] --START--
INFO: Run Behavior\ContentReplaceBehavior [ RunTime:0.000000s ]
INFO: [ template_filter ] --END-- [ RunTime:0.000000s ]
INFO: Run Behavior\ParseTemplateBehavior [ RunTime:0.009000s ]
INFO: [ view_parse ] --END-- [ RunTime:0.009000s ]
INFO: [ view_filter ] --START--
INFO: Run Behavior\WriteHtmlCacheBehavior [ RunTime:0.000000s ]
INFO: [ view_filter ] --END-- [ RunTime:0.000000s ]
INFO: [ app_end ] --START--
INFO: Run Behavior\ShowPageTraceBehavior [ RunTime:0.000000s ]
INFO: [ app_end ] --END-- [ RunTime:0.000000s ]

[ 2015-06-10T17:27:13+08:00 ] 127.0.0.1 /index.php?s=/admin/ad/postionlist/grid/datagrid.html
INFO: [ app_begin ] --START--
INFO: Run Behavior\ReadHtmlCacheBehavior [ RunTime:0.000000s ]
SQL: SHOW COLUMNS FROM `linshi_setting` [ RunTime:0.004000s ]
SQL: SELECT `key`,`value` FROM `linshi_setting`  [ RunTime:0.000000s ]
NOTIC: [2] unlink(D:\wamp\www\houtai\Public\Runtime\Temp/71df8fced343b2a8ba67c00a47a67b50.php): No such file or directory D:\wamp\www\houtai\Libs\ThinkPHP\Library\Think\Cache\Driver\File.class.php 第 157 行.
INFO: Run \Common\Behavior\SettingBehavior [ RunTime:0.012001s ]
INFO: [ app_begin ] --END-- [ RunTime:0.013001s ]
SQL: SHOW COLUMNS FROM `linshi_ad_postion` [ RunTime:0.002000s ]
SQL: SELECT COUNT(*) AS tp_count FROM `linshi_ad_postion` LIMIT 1   [ RunTime:0.000000s ]
SQL: SELECT `postion_id`,`postion_id` as postion_ids,`postion`,`type` FROM `linshi_ad_postion` ORDER BY postion_id asc LIMIT 0,20   [ RunTime:0.000000s ]

[ 2015-06-10T17:27:13+08:00 ] 127.0.0.1 /index.php?s=/admin/ad/adlist/menuid/61.html&_=1433928433641
INFO: [ app_begin ] --START--
INFO: Run Behavior\ReadHtmlCacheBehavior [ RunTime:0.001000s ]
SQL: SHOW COLUMNS FROM `linshi_setting` [ RunTime:0.001000s ]
SQL: SELECT `key`,`value` FROM `linshi_setting`  [ RunTime:0.000000s ]
NOTIC: [2] unlink(D:\wamp\www\houtai\Public\Runtime\Temp/71df8fced343b2a8ba67c00a47a67b50.php): No such file or directory D:\wamp\www\houtai\Libs\ThinkPHP\Library\Think\Cache\Driver\File.class.php 第 157 行.
INFO: Run \Common\Behavior\SettingBehavior [ RunTime:0.025002s ]
INFO: [ app_begin ] --END-- [ RunTime:0.027002s ]
SQL: SHOW COLUMNS FROM `linshi_menu` [ RunTime:0.001000s ]
SQL: SELECT * FROM `linshi_menu` WHERE ( `id` = 61 ) LIMIT 1   [ RunTime:0.000000s ]
SQL: SELECT * FROM `linshi_menu` WHERE ( `id` = 62 ) LIMIT 1   [ RunTime:0.001000s ]
SQL: SELECT * FROM `linshi_menu` WHERE ( `id` = 59 ) LIMIT 1   [ RunTime:0.000000s ]
INFO: [ view_parse ] --START--
INFO: [ template_filter ] --START--
INFO: Run Behavior\ContentReplaceBehavior [ RunTime:0.000000s ]
INFO: [ template_filter ] --END-- [ RunTime:0.001001s ]
INFO: Run Behavior\ParseTemplateBehavior [ RunTime:0.008001s ]
INFO: [ view_parse ] --END-- [ RunTime:0.009001s ]
INFO: [ view_filter ] --START--
INFO: Run Behavior\WriteHtmlCacheBehavior [ RunTime:0.000000s ]
INFO: [ view_filter ] --END-- [ RunTime:0.000000s ]
INFO: [ app_end ] --START--
INFO: Run Behavior\ShowPageTraceBehavior [ RunTime:0.001000s ]
INFO: [ app_end ] --END-- [ RunTime:0.001000s ]

[ 2015-06-10T17:27:13+08:00 ] 127.0.0.1 /index.php?s=/admin/ad/adlist/grid/datagrid.html
INFO: [ app_begin ] --START--
INFO: Run Behavior\ReadHtmlCacheBehavior [ RunTime:0.000000s ]
SQL: SHOW COLUMNS FROM `linshi_setting` [ RunTime:0.002000s ]
SQL: SELECT `key`,`value` FROM `linshi_setting`  [ RunTime:0.000000s ]
NOTIC: [2] unlink(D:\wamp\www\houtai\Public\Runtime\Temp/71df8fced343b2a8ba67c00a47a67b50.php): No such file or directory D:\wamp\www\houtai\Libs\ThinkPHP\Library\Think\Cache\Driver\File.class.php 第 157 行.
INFO: Run \Common\Behavior\SettingBehavior [ RunTime:0.019001s ]
INFO: [ app_begin ] --END-- [ RunTime:0.020001s ]
SQL: SHOW COLUMNS FROM `linshi_ad` [ RunTime:0.002000s ]
SQL: SELECT COUNT(*) AS tp_count FROM `linshi_ad` LIMIT 1   [ RunTime:0.000000s ]
SQL: SELECT `ad_id`,`ad_id` as ad_ids,`pic`,`type`,`postion_id`,`postion`,`title`,`url` FROM `linshi_ad` ORDER BY ad_id asc LIMIT 0,20   [ RunTime:0.001000s ]

[ 2015-06-10T17:33:02+08:00 ] 127.0.0.1 /index.php?s=/admin/index/public_sessionlife.html
INFO: [ app_begin ] --START--
INFO: Run Behavior\ReadHtmlCacheBehavior [ RunTime:0.000000s ]
SQL: SHOW COLUMNS FROM `linshi_setting` [ RunTime:0.002000s ]
SQL: SELECT `key`,`value` FROM `linshi_setting`  [ RunTime:0.000000s ]
NOTIC: [2] unlink(D:\wamp\www\houtai\Public\Runtime\Temp/71df8fced343b2a8ba67c00a47a67b50.php): No such file or directory D:\wamp\www\houtai\Libs\ThinkPHP\Library\Think\Cache\Driver\File.class.php 第 157 行.
INFO: Run \Common\Behavior\SettingBehavior [ RunTime:0.018001s ]
INFO: [ app_begin ] --END-- [ RunTime:0.020001s ]
INFO: [ app_end ] --START--
INFO: Run Behavior\ShowPageTraceBehavior [ RunTime:0.001000s ]
INFO: [ app_end ] --END-- [ RunTime:0.001000s ]

[ 2015-06-10T17:42:29+08:00 ] 127.0.0.1 /index.php?s=/admin/index/public_sessionlife.html
INFO: [ app_begin ] --START--
INFO: Run Behavior\ReadHtmlCacheBehavior [ RunTime:0.001000s ]
SQL: SHOW COLUMNS FROM `linshi_setting` [ RunTime:0.003000s ]
SQL: SELECT `key`,`value` FROM `linshi_setting`  [ RunTime:0.000000s ]
NOTIC: [2] unlink(D:\wamp\www\houtai\Public\Runtime\Temp/71df8fced343b2a8ba67c00a47a67b50.php): No such file or directory D:\wamp\www\houtai\Libs\ThinkPHP\Library\Think\Cache\Driver\File.class.php 第 157 行.
INFO: Run \Common\Behavior\SettingBehavior [ RunTime:0.017001s ]
INFO: [ app_begin ] --END-- [ RunTime:0.019001s ]
INFO: [ app_end ] --START--
INFO: Run Behavior\ShowPageTraceBehavior [ RunTime:0.001000s ]
INFO: [ app_end ] --END-- [ RunTime:0.001000s ]

[ 2015-06-10T17:42:29+08:00 ] 127.0.0.1 /index.php?s=/admin/index/public_sessionlife.html
INFO: [ app_begin ] --START--
INFO: Run Behavior\ReadHtmlCacheBehavior [ RunTime:0.001000s ]
SQL: SHOW COLUMNS FROM `linshi_setting` [ RunTime:0.003000s ]
SQL: SELECT `key`,`value` FROM `linshi_setting`  [ RunTime:0.000000s ]
NOTIC: [2] unlink(D:\wamp\www\houtai\Public\Runtime\Temp/71df8fced343b2a8ba67c00a47a67b50.php): No such file or directory D:\wamp\www\houtai\Libs\ThinkPHP\Library\Think\Cache\Driver\File.class.php 第 157 行.
INFO: Run \Common\Behavior\SettingBehavior [ RunTime:0.018001s ]
INFO: [ app_begin ] --END-- [ RunTime:0.020001s ]
INFO: [ app_end ] --START--
INFO: Run Behavior\ShowPageTraceBehavior [ RunTime:0.001000s ]
INFO: [ app_end ] --END-- [ RunTime:0.001000s ]

[ 2015-06-10T17:43:02+08:00 ] 127.0.0.1 /index.php?s=/admin/index/public_sessionlife.html
INFO: [ app_begin ] --START--
INFO: Run Behavior\ReadHtmlCacheBehavior [ RunTime:0.001000s ]
SQL: SHOW COLUMNS FROM `linshi_setting` [ RunTime:0.004000s ]
SQL: SELECT `key`,`value` FROM `linshi_setting`  [ RunTime:0.000000s ]
NOTIC: [2] unlink(D:\wamp\www\houtai\Public\Runtime\Temp/71df8fced343b2a8ba67c00a47a67b50.php): No such file or directory D:\wamp\www\houtai\Libs\ThinkPHP\Library\Think\Cache\Driver\File.class.php 第 157 行.
INFO: Run \Common\Behavior\SettingBehavior [ RunTime:0.028002s ]
INFO: [ app_begin ] --END-- [ RunTime:0.030002s ]
INFO: [ app_end ] --START--
INFO: Run Behavior\ShowPageTraceBehavior [ RunTime:0.000000s ]
INFO: [ app_end ] --END-- [ RunTime:0.002000s ]

[ 2015-06-10T17:52:29+08:00 ] 127.0.0.1 /index.php?s=/admin/index/public_sessionlife.html
INFO: [ app_begin ] --START--
INFO: Run Behavior\ReadHtmlCacheBehavior [ RunTime:0.001000s ]
SQL: SHOW COLUMNS FROM `linshi_setting` [ RunTime:0.004000s ]
SQL: SELECT `key`,`value` FROM `linshi_setting`  [ RunTime:0.000000s ]
NOTIC: [2] unlink(D:\wamp\www\houtai\Public\Runtime\Temp/71df8fced343b2a8ba67c00a47a67b50.php): No such file or directory D:\wamp\www\houtai\Libs\ThinkPHP\Library\Think\Cache\Driver\File.class.php 第 157 行.
INFO: Run \Common\Behavior\SettingBehavior [ RunTime:0.029001s ]
INFO: [ app_begin ] --END-- [ RunTime:0.030001s ]
INFO: [ app_end ] --START--
INFO: Run Behavior\ShowPageTraceBehavior [ RunTime:0.000000s ]
INFO: [ app_end ] --END-- [ RunTime:0.002000s ]

[ 2015-06-10T17:53:02+08:00 ] 127.0.0.1 /index.php?s=/admin/index/public_sessionlife.html
INFO: [ app_begin ] --START--
INFO: Run Behavior\ReadHtmlCacheBehavior [ RunTime:0.001001s ]
SQL: SHOW COLUMNS FROM `linshi_setting` [ RunTime:0.004000s ]
SQL: SELECT `key`,`value` FROM `linshi_setting`  [ RunTime:0.000000s ]
NOTIC: [2] unlink(D:\wamp\www\houtai\Public\Runtime\Temp/71df8fced343b2a8ba67c00a47a67b50.php): No such file or directory D:\wamp\www\houtai\Libs\ThinkPHP\Library\Think\Cache\Driver\File.class.php 第 157 行.
INFO: Run \Common\Behavior\SettingBehavior [ RunTime:0.035002s ]
INFO: [ app_begin ] --END-- [ RunTime:0.038003s ]
INFO: [ app_end ] --START--
INFO: Run Behavior\ShowPageTraceBehavior [ RunTime:0.001000s ]
INFO: [ app_end ] --END-- [ RunTime:0.002000s ]

